

Microchip Technology PIC18 LITE Macro Assembler V1.45 build -152302408 
                                                                                               Tue May 08 23:40:53 2018

Microchip Technology Omniscient Code Generator v1.45 (Free mode) build 201711160504
     1                           	processor	18F4550
     2                           	fnconf	rparam,??,?,0
     3                           	opt	pw 120
     4                           	opt	lm
     5                           	psect	cinit,global,reloc=2,class=CODE,delta=1
     6                           	psect	cstackCOMRAM,global,class=COMRAM,space=1,delta=1,noexec
     7                           	psect	text0,global,reloc=2,class=CODE,delta=1
     8                           	psect	text1,global,reloc=2,class=CODE,delta=1
     9                           	psect	text2,global,reloc=2,class=CODE,delta=1
    10                           	psect	text3,global,reloc=2,class=CODE,delta=1
    11                           	psect	intsave_regs,global,class=BIGRAM,space=1,delta=1,noexec
    12                           	psect	rparam,global,class=COMRAM,space=1,delta=1,noexec
    13  0000                     
    14                           ; Version 1.45
    15                           ; Generated 16/11/2017 GMT
    16                           ; 
    17                           ; Copyright © 2017, Microchip Technology Inc. and its subsidiaries ("Microchip")
    18                           ; All rights reserved.
    19                           ; 
    20                           ; This software is developed by Microchip Technology Inc. and its subsidiaries ("Microch
      +                          ip").
    21                           ; 
    22                           ; Redistribution and use in source and binary forms, with or without modification, are
    23                           ; permitted provided that the following conditions are met:
    24                           ; 
    25                           ;     1. Redistributions of source code must retain the above copyright notice, this lis
      +                          t of
    26                           ;        conditions and the following disclaimer.
    27                           ; 
    28                           ;     2. Redistributions in binary form must reproduce the above copyright notice, this 
      +                          list
    29                           ;        of conditions and the following disclaimer in the documentation and/or other
    30                           ;        materials provided with the distribution.
    31                           ; 
    32                           ;     3. Microchip's name may not be used to endorse or promote products derived from th
      +                          is
    33                           ;        software without specific prior written permission.
    34                           ; 
    35                           ; THIS SOFTWARE IS PROVIDED BY MICROCHIP "AS IS" AND ANY EXPRESS OR IMPLIED WARRANTIES,
    36                           ; INCLUDING, BUT NOT LIMITED TO, THE IMPLIED WARRANTIES OF MERCHANTABILITY AND FITNESS F
      +                          OR
    37                           ; PURPOSE ARE DISCLAIMED.  IN NO EVENT SHALL MICROCHIP BE LIABLE FOR ANY DIRECT, INDIREC
      +                          T,
    38                           ; INCIDENTAL, SPECIAL, EXEMPLARY, OR CONSEQUENTIAL DAMAGES (INCLUDING BUT NOT LIMITED TO
    39                           ; PROCUREMENT OF SUBSTITUTE GOODS OR SERVICES; LOSS OF USE, DATA OR PROFITS; OR BUSINESS
    40                           ; INTERRUPTION) HOWSOEVER CAUSED AND ON ANY THEORY OF LIABILITY, WHETHER IN CONTRACT, ST
      +                          RICT
    41                           ; LIABILITY, OR TORT (INCLUDING NEGLIGENCE OR OTHERWISE) ARISING IN ANY WAY OUT OF THE U
      +                          SE OF
    42                           ; THIS SOFTWARE, EVEN IF ADVISED OF THE POSSIBILITY OF SUCH DAMAGE.
    43                           ; 
    44                           ; 
    45                           ; Code-generator required, PIC18F4550 Definitions
    46                           ; 
    47                           ; SFR Addresses
    48  0000                     _SSPBUF	set	4041
    49  0000                     _SSPADD	set	4040
    50  0000                     _TRISBbits	set	3987
    51  0000                     _SSPCON2	set	4037
    52  0000                     _SSPCON1	set	4038
    53  0000                     _SSPSTAT	set	4039
    54  0000                     _PORTA	set	3968
    55  0000                     _TRISD	set	3989
    56  0000                     _PIR1bits	set	3998
    57  0000                     _PIE1bits	set	3997
    58  0000                     _TRISAbits	set	3986
    59  0000                     _ADCON2bits	set	4032
    60  0000                     _ADCON0bits	set	4034
    61  0000                     _ADCON0	set	4034
    62  0000                     _ADCON1bits	set	4033
    63  0000                     _T0CONbits	set	4053
    64  0000                     _INTCONbits	set	4082
    65  0000                     _TMR0L	set	4054
    66  0000                     _ACKEN	set	32300
    67  0000                     _ACKDT	set	32301
    68  0000                     _PEN	set	32298
    69  0000                     _SSPIF	set	31987
    70  0000                     _SEN	set	32296
    71  0000                     _TMR0IF	set	32658
    72  0000                     _TMR0ON	set	32431
    73  0000                     _RCIF	set	31989
    74  0000                     _T08BIT	set	32430
    75                           
    76                           ; #config settings
    77  0000                     
    78                           	psect	cinit
    79  007F46                     __pcinit:
    80                           	opt stack 0
    81  007F46                     start_initialization:
    82                           	opt stack 0
    83  007F46                     __initialization:
    84                           	opt stack 0
    85  007F46                     end_of_initialization:
    86                           	opt stack 0
    87  007F46                     __end_of__initialization:
    88                           	opt stack 0
    89  007F46  0100               	movlb	0
    90  007F48  EFB9  F03F         	goto	_main	;jump to C main() function
    91                           
    92                           	psect	cstackCOMRAM
    93  000001                     __pcstackCOMRAM:
    94                           	opt stack 0
    95  000001                     ??_main:
    96                           
    97                           ; 1 bytes @ 0x0
    98  000001                     	ds	2
    99  000003                     main@x:
   100                           	opt stack 0
   101                           
   102                           ; 2 bytes @ 0x2
   103  000003                     	ds	2
   104                           
   105 ;;
   106 ;;Main: autosize = 0, tempsize = 2, incstack = 0, save=0
   107 ;;
   108 ;; *************** function _main *****************
   109 ;; Defined at:
   110 ;;		line 29 in file "Main.c"
   111 ;; Parameters:    Size  Location     Type
   112 ;;		None
   113 ;; Auto vars:     Size  Location     Type
   114 ;;  data            8    0        unsigned char [8]
   115 ;;  m               8    0        unsigned char [8]
   116 ;;  x               2    2[COMRAM] int 
   117 ;; Return value:  Size  Location     Type
   118 ;;                  1    wreg      void 
   119 ;; Registers used:
   120 ;;		wreg, status,2, status,0, cstack
   121 ;; Tracked objects:
   122 ;;		On entry : 0/0
   123 ;;		On exit  : 0/0
   124 ;;		Unchanged: 0/0
   125 ;; Data sizes:     COMRAM   BANK0   BANK1   BANK2   BANK3   BANK4   BANK5   BANK6   BANK7
   126 ;;      Params:         0       0       0       0       0       0       0       0       0
   127 ;;      Locals:         2       0       0       0       0       0       0       0       0
   128 ;;      Temps:          2       0       0       0       0       0       0       0       0
   129 ;;      Totals:         4       0       0       0       0       0       0       0       0
   130 ;;Total ram usage:        4 bytes
   131 ;; Hardware stack levels required when called:    1
   132 ;; This function calls:
   133 ;;		_I2Cstart
   134 ;;		_configBoard
   135 ;;		_initI2C
   136 ;; This function is called by:
   137 ;;		Startup code after reset
   138 ;; This function uses a non-reentrant model
   139 ;;
   140                           
   141                           	psect	text0
   142  007F72                     __ptext0:
   143                           	opt stack 0
   144  007F72                     _main:
   145                           	opt stack 30
   146                           
   147                           ;Main.c: 32: configBoard();
   148                           
   149                           ;incstack = 0
   150  007F72  ECD0  F03F         	call	_configBoard	;wreg free
   151                           
   152                           ;Main.c: 34: int x = 100;
   153  007F76  0E00               	movlw	0
   154  007F78  6E04               	movwf	main@x+1,c
   155  007F7A  0E64               	movlw	100
   156  007F7C  6E03               	movwf	main@x,c
   157                           
   158                           ;Main.c: 35: char m[8];
   159                           ;Main.c: 41: char data[8];
   160                           ;Main.c: 42: initI2C();
   161  007F7E  ECAB  F03F         	call	_initI2C	;wreg free
   162  007F82                     
   163                           ;Main.c: 48: {
   164                           ;Main.c: 51: I2Cstart();
   165  007F82  ECA6  F03F         	call	_I2Cstart	;wreg free
   166                           
   167                           ;Main.c: 52: _delay((unsigned long)((500)*(48000000/4000.0)));
   168  007F86  0E1F               	movlw	31
   169  007F88  6E02               	movwf	(??_main+1)& (0+255),c
   170  007F8A  0E71               	movlw	113
   171  007F8C  6E01               	movwf	??_main& (0+255),c
   172  007F8E  0E1E               	movlw	30
   173  007F90                     u197:
   174  007F90  2EE8               	decfsz	wreg,f,c
   175  007F92  D7FE               	bra	u197
   176  007F94  2E01               	decfsz	??_main& (0+255),f,c
   177  007F96  D7FC               	bra	u197
   178  007F98  2E02               	decfsz	(??_main+1)& (0+255),f,c
   179  007F9A  D7FA               	bra	u197
   180  007F9C  D000               	nop2	
   181  007F9E  D7F1               	goto	l13
   182  007FA0                     __end_of_main:
   183                           	opt stack 0
   184                           wreg	equ	0xFE8
   185                           
   186 ;; *************** function _initI2C *****************
   187 ;; Defined at:
   188 ;;		line 5 in file "I2C_config.c"
   189 ;; Parameters:    Size  Location     Type
   190 ;;		None
   191 ;; Auto vars:     Size  Location     Type
   192 ;;		None
   193 ;; Return value:  Size  Location     Type
   194 ;;                  1    wreg      void 
   195 ;; Registers used:
   196 ;;		wreg, status,2, status,0
   197 ;; Tracked objects:
   198 ;;		On entry : 0/0
   199 ;;		On exit  : 0/0
   200 ;;		Unchanged: 0/0
   201 ;; Data sizes:     COMRAM   BANK0   BANK1   BANK2   BANK3   BANK4   BANK5   BANK6   BANK7
   202 ;;      Params:         0       0       0       0       0       0       0       0       0
   203 ;;      Locals:         0       0       0       0       0       0       0       0       0
   204 ;;      Temps:          0       0       0       0       0       0       0       0       0
   205 ;;      Totals:         0       0       0       0       0       0       0       0       0
   206 ;;Total ram usage:        0 bytes
   207 ;; Hardware stack levels used:    1
   208 ;; This function calls:
   209 ;;		Nothing
   210 ;; This function is called by:
   211 ;;		_main
   212 ;; This function uses a non-reentrant model
   213 ;;
   214                           
   215                           	psect	text1
   216  007F56                     __ptext1:
   217                           	opt stack 0
   218  007F56                     _initI2C:
   219                           	opt stack 30
   220                           
   221                           ;I2C_config.c: 6: SSPSTAT &= 0x3F;
   222                           
   223                           ;incstack = 0
   224  007F56  0E3F               	movlw	63
   225  007F58  16C7               	andwf	4039,f,c	;volatile
   226                           
   227                           ;I2C_config.c: 7: SSPCON1 = 0x00;
   228  007F5A  0E00               	movlw	0
   229  007F5C  6EC6               	movwf	4038,c	;volatile
   230                           
   231                           ;I2C_config.c: 8: SSPCON2 = 0x00;
   232  007F5E  0E00               	movlw	0
   233  007F60  6EC5               	movwf	4037,c	;volatile
   234                           
   235                           ;I2C_config.c: 9: SSPCON1 |= 0b00001000;
   236  007F62  86C6               	bsf	4038,3,c	;volatile
   237                           
   238                           ;I2C_config.c: 10: SSPSTAT |= 0b10000000;
   239  007F64  8EC7               	bsf	4039,7,c	;volatile
   240                           
   241                           ;I2C_config.c: 11: TRISBbits.RB0 = 1;
   242  007F66  8093               	bsf	3987,0,c	;volatile
   243                           
   244                           ;I2C_config.c: 12: TRISBbits.RB1 = 1;
   245  007F68  8293               	bsf	3987,1,c	;volatile
   246                           
   247                           ;I2C_config.c: 13: SSPCON1 |= 0x20;
   248  007F6A  8AC6               	bsf	4038,5,c	;volatile
   249                           
   250                           ;I2C_config.c: 14: SSPADD = 0x13;
   251  007F6C  0E13               	movlw	19
   252  007F6E  6EC8               	movwf	4040,c	;volatile
   253  007F70  0012               	return		;funcret
   254  007F72                     __end_of_initI2C:
   255                           	opt stack 0
   256                           wreg	equ	0xFE8
   257                           
   258 ;; *************** function _configBoard *****************
   259 ;; Defined at:
   260 ;;		line 11 in file "Config.c"
   261 ;; Parameters:    Size  Location     Type
   262 ;;		None
   263 ;; Auto vars:     Size  Location     Type
   264 ;;		None
   265 ;; Return value:  Size  Location     Type
   266 ;;                  1    wreg      void 
   267 ;; Registers used:
   268 ;;		wreg, status,2
   269 ;; Tracked objects:
   270 ;;		On entry : 0/0
   271 ;;		On exit  : 0/0
   272 ;;		Unchanged: 0/0
   273 ;; Data sizes:     COMRAM   BANK0   BANK1   BANK2   BANK3   BANK4   BANK5   BANK6   BANK7
   274 ;;      Params:         0       0       0       0       0       0       0       0       0
   275 ;;      Locals:         0       0       0       0       0       0       0       0       0
   276 ;;      Temps:          0       0       0       0       0       0       0       0       0
   277 ;;      Totals:         0       0       0       0       0       0       0       0       0
   278 ;;Total ram usage:        0 bytes
   279 ;; Hardware stack levels used:    1
   280 ;; This function calls:
   281 ;;		Nothing
   282 ;; This function is called by:
   283 ;;		_main
   284 ;; This function uses a non-reentrant model
   285 ;;
   286                           
   287                           	psect	text2
   288  007FA0                     __ptext2:
   289                           	opt stack 0
   290  007FA0                     _configBoard:
   291                           	opt stack 30
   292                           
   293                           ;Config.c: 15: INTCONbits.GIE = 0;
   294                           
   295                           ;incstack = 0
   296  007FA0  9EF2               	bcf	intcon,7,c	;volatile
   297                           
   298                           ;Config.c: 16: INTCONbits.PEIE = 0;
   299  007FA2  9CF2               	bcf	intcon,6,c	;volatile
   300                           
   301                           ;Config.c: 25: T0CONbits.TMR0ON = 1;
   302  007FA4  8ED5               	bsf	4053,7,c	;volatile
   303                           
   304                           ;Config.c: 26: T08BIT = 1;
   305  007FA6  8CD5               	bsf	4053,6,c	;volatile
   306                           
   307                           ;Config.c: 27: T0CONbits.T0CS = 0;
   308  007FA8  9AD5               	bcf	4053,5,c	;volatile
   309                           
   310                           ;Config.c: 29: T0CONbits.PSA = 0;
   311  007FAA  96D5               	bcf	4053,3,c	;volatile
   312                           
   313                           ;Config.c: 30: T0CONbits.T0PS = 100;
   314  007FAC  50D5               	movf	4053,w,c	;volatile
   315  007FAE  0BF8               	andlw	-8
   316  007FB0  0904               	iorlw	4
   317  007FB2  6ED5               	movwf	4053,c	;volatile
   318                           
   319                           ;Config.c: 31: INTCONbits.TMR0IF = 0;
   320  007FB4  94F2               	bcf	intcon,2,c	;volatile
   321                           
   322                           ;Config.c: 33: ADCON1bits.PCFG = 0b1111;
   323  007FB6  80C1               	bsf	4033,0,c	;volatile
   324  007FB8  82C1               	bsf	4033,1,c	;volatile
   325  007FBA  84C1               	bsf	4033,2,c	;volatile
   326  007FBC  86C1               	bsf	4033,3,c	;volatile
   327                           
   328                           ;Config.c: 44: ADCON0 = 0b00000111;
   329  007FBE  0E07               	movlw	7
   330  007FC0  6EC2               	movwf	4034,c	;volatile
   331                           
   332                           ;Config.c: 47: ADCON0bits.ADON = 0;
   333  007FC2  90C2               	bcf	4034,0,c	;volatile
   334                           
   335                           ;Config.c: 51: ADCON2bits.ADFM = 1;
   336  007FC4  8EC0               	bsf	4032,7,c	;volatile
   337                           
   338                           ;Config.c: 52: ADCON2bits.ADCS = 0b110;
   339  007FC6  50C0               	movf	4032,w,c	;volatile
   340  007FC8  0BF8               	andlw	-8
   341  007FCA  0906               	iorlw	6
   342  007FCC  6EC0               	movwf	4032,c	;volatile
   343                           
   344                           ;Config.c: 53: ADCON2bits.ACQT = 0b101;
   345  007FCE  50C0               	movf	4032,w,c	;volatile
   346  007FD0  0BC7               	andlw	-57
   347  007FD2  0928               	iorlw	40
   348  007FD4  6EC0               	movwf	4032,c	;volatile
   349                           
   350                           ;Config.c: 55: TRISAbits.RA1=1;
   351  007FD6  8292               	bsf	3986,1,c	;volatile
   352                           
   353                           ;Config.c: 56: ADCON2bits.ADCS=0b110;
   354  007FD8  50C0               	movf	4032,w,c	;volatile
   355  007FDA  0BF8               	andlw	-8
   356  007FDC  0906               	iorlw	6
   357  007FDE  6EC0               	movwf	4032,c	;volatile
   358                           
   359                           ;Config.c: 57: ADCON1bits.VCFG1=0;
   360  007FE0  9AC1               	bcf	4033,5,c	;volatile
   361                           
   362                           ;Config.c: 58: ADCON1bits.VCFG0=0;
   363  007FE2  98C1               	bcf	4033,4,c	;volatile
   364                           
   365                           ;Config.c: 60: ADCON2bits.ADFM=1;
   366  007FE4  8EC0               	bsf	4032,7,c	;volatile
   367                           
   368                           ;Config.c: 64: ADCON0bits.ADON=0;
   369  007FE6  90C2               	bcf	4034,0,c	;volatile
   370                           
   371                           ;Config.c: 66: PIE1bits.ADIE=0;
   372  007FE8  9C9D               	bcf	3997,6,c	;volatile
   373                           
   374                           ;Config.c: 67: PIR1bits.ADIF=0;
   375  007FEA  9C9E               	bcf	3998,6,c	;volatile
   376                           
   377                           ;Config.c: 69: ADCON2bits.ACQT=0b111;
   378  007FEC  86C0               	bsf	4032,3,c	;volatile
   379  007FEE  88C0               	bsf	4032,4,c	;volatile
   380  007FF0  8AC0               	bsf	4032,5,c	;volatile
   381                           
   382                           ;Config.c: 70: ADCON0bits.GO=1;
   383  007FF2  82C2               	bsf	4034,1,c	;volatile
   384                           
   385                           ;Config.c: 72: RCIF=0;
   386  007FF4  9A9E               	bcf	3998,5,c	;volatile
   387                           
   388                           ;Config.c: 75: TRISD=0;
   389  007FF6  0E00               	movlw	0
   390  007FF8  6E95               	movwf	3989,c	;volatile
   391                           
   392                           ;Config.c: 76: PORTA=0;
   393  007FFA  0E00               	movlw	0
   394  007FFC  6E80               	movwf	3968,c	;volatile
   395  007FFE  0012               	return		;funcret
   396  008000                     __end_of_configBoard:
   397                           	opt stack 0
   398                           intcon	equ	0xFF2
   399                           wreg	equ	0xFE8
   400                           
   401 ;; *************** function _I2Cstart *****************
   402 ;; Defined at:
   403 ;;		line 21 in file "I2C_config.c"
   404 ;; Parameters:    Size  Location     Type
   405 ;;		None
   406 ;; Auto vars:     Size  Location     Type
   407 ;;		None
   408 ;; Return value:  Size  Location     Type
   409 ;;                  1    wreg      void 
   410 ;; Registers used:
   411 ;;		None
   412 ;; Tracked objects:
   413 ;;		On entry : 0/0
   414 ;;		On exit  : 0/0
   415 ;;		Unchanged: 0/0
   416 ;; Data sizes:     COMRAM   BANK0   BANK1   BANK2   BANK3   BANK4   BANK5   BANK6   BANK7
   417 ;;      Params:         0       0       0       0       0       0       0       0       0
   418 ;;      Locals:         0       0       0       0       0       0       0       0       0
   419 ;;      Temps:          0       0       0       0       0       0       0       0       0
   420 ;;      Totals:         0       0       0       0       0       0       0       0       0
   421 ;;Total ram usage:        0 bytes
   422 ;; Hardware stack levels used:    1
   423 ;; This function calls:
   424 ;;		Nothing
   425 ;; This function is called by:
   426 ;;		_main
   427 ;;		_IC2WriteDevice
   428 ;;		_I2CreadDevice
   429 ;; This function uses a non-reentrant model
   430 ;;
   431                           
   432                           	psect	text3
   433  007F4C                     __ptext3:
   434                           	opt stack 0
   435  007F4C                     _I2Cstart:
   436                           	opt stack 30
   437                           
   438                           ;I2C_config.c: 22: SEN = 1;
   439                           
   440                           ;incstack = 0
   441  007F4C  80C5               	bsf	4037,0,c	;volatile
   442  007F4E  B0C5               	btfsc	4037,0,c	;volatile
   443  007F50  D7FE               	goto	l104
   444                           
   445                           ;I2C_config.c: 24: SSPIF = 0;
   446  007F52  969E               	bcf	3998,3,c	;volatile
   447  007F54  0012               	return		;funcret
   448  007F56                     __end_of_I2Cstart:
   449                           	opt stack 0
   450  0000                     intcon	equ	0xFF2
   451                           wreg	equ	0xFE8
   452                           intcon	equ	0xFF2
   453                           wreg	equ	0xFE8
   454                           
   455                           	psect	rparam
   456  0000                     intcon	equ	0xFF2
   457                           wreg	equ	0xFE8


Data Sizes:
    Strings     0
    Constant    0
    Data        0
    BSS         0
    Persistent  0
    Stack       0

Auto Spaces:
    Space          Size  Autos    Used
    COMRAM           95      4       4
    BANK0           160      0       0
    BANK1           256      0       0
    BANK2           256      0       0
    BANK3           256      0       0
    BANK4           256      0       0
    BANK5           256      0       0
    BANK6           256      0       0
    BANK7           256      0       0

Pointer List with Targets:

    None.

Critical Paths under _main in COMRAM

    None.

Critical Paths under _main in BANK0

    None.

Critical Paths under _main in BANK1

    None.

Critical Paths under _main in BANK2

    None.

Critical Paths under _main in BANK3

    None.

Critical Paths under _main in BANK4

    None.

Critical Paths under _main in BANK5

    None.

Critical Paths under _main in BANK6

    None.

Critical Paths under _main in BANK7

    None.

Call Graph Tables:

 ---------------------------------------------------------------------------------
 (Depth) Function   	        Calls       Base Space   Used Autos Params    Refs
 ---------------------------------------------------------------------------------
 (0) _main                                                20    20      0       0
                                              0 COMRAM     4     4      0
                           _I2Cstart
                        _configBoard
                            _initI2C
 ---------------------------------------------------------------------------------
 (1) _initI2C                                              0     0      0       0
 ---------------------------------------------------------------------------------
 (1) _configBoard                                          0     0      0       0
 ---------------------------------------------------------------------------------
 (1) _I2Cstart                                             0     0      0       0
 ---------------------------------------------------------------------------------
 Estimated maximum stack depth 1
 ---------------------------------------------------------------------------------

 Call Graph Graphs:

 _main (ROOT)
   _I2Cstart
   _configBoard
   _initI2C

 Address spaces:
Name               Size   Autos  Total    Cost      Usage
BITCOMRAM           5F      0       0       0        0.0%
EEDATA             100      0       0       0        0.0%
NULL                 0      0       0       0        0.0%
CODE                 0      0       0       0        0.0%
COMRAM              5F      4       4       1        4.2%
STACK                0      0       0       2        0.0%
DATA                 0      0       0       3        0.0%
BITBANK0            A0      0       0       4        0.0%
BANK0               A0      0       0       5        0.0%
BITBANK1           100      0       0       6        0.0%
BANK1              100      0       0       7        0.0%
BITBANK2           100      0       0       8        0.0%
BANK2              100      0       0       9        0.0%
BITBANK3           100      0       0      10        0.0%
BANK3              100      0       0      11        0.0%
BITBANK4           100      0       0      12        0.0%
BANK4              100      0       0      13        0.0%
BITBANK5           100      0       0      14        0.0%
BANK5              100      0       0      15        0.0%
BITBANK6           100      0       0      16        0.0%
BANK6              100      0       0      17        0.0%
BITBANK7           100      0       0      18        0.0%
BANK7              100      0       0      19        0.0%
ABS                  0      0       0      20        0.0%
BIGRAM             7FF      0       0      21        0.0%
BITSFR               0      0       0     200        0.0%
SFR                  0      0       0     200        0.0%


Microchip Technology PIC18 Macro Assembler V1.45 build -152302408 
Symbol Table                                                                                   Tue May 08 23:40:53 2018

                     l13 7F82              __CFG_BORV$3 000000                      l104 7F4E  
                    _PEN 007E2A                      u197 7F90                      _SEN 007E28  
                    wreg 000FE8             __CFG_LVP$OFF 000000             __CFG_WDT$OFF 000000  
                   _RCIF 007CF5                     _main 7F72                     start 0000  
       __end_of_I2Cstart 7F56            __CFG_MCLRE$ON 000000             ___param_bank 000000  
          __CFG_PLLDIV$2 000000                    ?_main 0001                    _ACKEN 007E2C  
                  _ACKDT 007E2D                    _TMR0L 000FD6                    _PORTA 000F80  
                  _TRISD 000F95                    _SSPIF 007CF3           __CFG_FCMEN$OFF 000000  
        __end_of_initI2C 7F72                    main@x 0003          __initialization 7F46  
           __end_of_main 7FA0                   ??_main 0001            __activetblptr 000000  
                 _ADCON0 000FC2                   _T08BIT 007EAE                   _TMR0IF 007F92  
                 _TMR0ON 007EAF                   _SSPADD 000FC8                   _SSPBUF 000FC9  
   __size_of_configBoard 0060                ??_initI2C 0001                ?_I2Cstart 0001  
             __accesstop 0060  __end_of__initialization 7F46            ___rparam_used 000001  
         __pcstackCOMRAM 0001               ??_I2Cstart 0001                  _SSPCON1 000FC6  
                _SSPCON2 000FC5                  _SSPSTAT 000FC7                  __Hparam 0000  
                __Lparam 0000                  __pcinit 7F46                  __ramtop 0800  
                __ptext0 7F72                  __ptext1 7F56                  __ptext2 7FA0  
                __ptext3 7F4C                _T0CONbits 000FD5                  _initI2C 7F56  
   end_of_initialization 7F46                _TRISAbits 000F92                _TRISBbits 000F93  
      __size_of_I2Cstart 000A            ??_configBoard 0001      start_initialization 7F46  
    __end_of_configBoard 8000                 ?_initI2C 0001                 _I2Cstart 7F4C  
            _configBoard 7FA0                 _PIE1bits 000F9D                 _PIR1bits 000F9E  
             _ADCON0bits 000FC2               _ADCON1bits 000FC1               _ADCON2bits 000FC0  
               __Hrparam 0000                 __Lrparam 0000         __size_of_initI2C 001C  
          __size_of_main 002E    __CFG_CPUDIV$OSC1_PLL2 000000               _INTCONbits 000FF2  
     __CFG_FOSC$HSPLL_HS 000000             ?_configBoard 0001  
