

Microchip Technology PIC18 LITE Macro Assembler V1.45 build -152302408 
                                                                                               Sat Apr 21 21:07:03 2018

Microchip Technology Omniscient Code Generator v1.45 (Free mode) build 201711160504
     1                           	processor	18F4550
     2                           	fnconf	rparam,??,?,0
     3                           	opt	pw 120
     4                           	opt	lm
     5                           	psect	cinit,global,reloc=2,class=CODE,delta=1
     6                           	psect	cstackCOMRAM,global,class=COMRAM,space=1,delta=1,noexec
     7                           	psect	text0,global,reloc=2,class=CODE,delta=1
     8                           	psect	text1,global,reloc=2,class=CODE,delta=1
     9                           	psect	text2,global,reloc=2,class=CODE,delta=1,group=1
    10                           	psect	text3,global,reloc=2,class=CODE,delta=1,group=1
    11                           	psect	text4,global,reloc=2,class=CODE,delta=1,group=1
    12                           	psect	text5,global,reloc=2,class=CODE,delta=1,group=1
    13                           	psect	text6,global,reloc=2,class=CODE,delta=1
    14                           	psect	text7,global,reloc=2,class=CODE,delta=1
    15                           	psect	text8,global,reloc=2,class=CODE,delta=1
    16                           	psect	text9,global,reloc=2,class=CODE,delta=1
    17                           	psect	text10,global,reloc=2,class=CODE,delta=1
    18                           	psect	intsave_regs,global,class=BIGRAM,space=1,delta=1,noexec
    19                           	psect	rparam,global,class=COMRAM,space=1,delta=1,noexec
    20  0000                     
    21                           ; Version 1.45
    22                           ; Generated 16/11/2017 GMT
    23                           ; 
    24                           ; Copyright © 2017, Microchip Technology Inc. and its subsidiaries ("Microchip")
    25                           ; All rights reserved.
    26                           ; 
    27                           ; This software is developed by Microchip Technology Inc. and its subsidiaries ("Microch
      +                          ip").
    28                           ; 
    29                           ; Redistribution and use in source and binary forms, with or without modification, are
    30                           ; permitted provided that the following conditions are met:
    31                           ; 
    32                           ;     1. Redistributions of source code must retain the above copyright notice, this lis
      +                          t of
    33                           ;        conditions and the following disclaimer.
    34                           ; 
    35                           ;     2. Redistributions in binary form must reproduce the above copyright notice, this 
      +                          list
    36                           ;        of conditions and the following disclaimer in the documentation and/or other
    37                           ;        materials provided with the distribution.
    38                           ; 
    39                           ;     3. Microchip's name may not be used to endorse or promote products derived from th
      +                          is
    40                           ;        software without specific prior written permission.
    41                           ; 
    42                           ; THIS SOFTWARE IS PROVIDED BY MICROCHIP "AS IS" AND ANY EXPRESS OR IMPLIED WARRANTIES,
    43                           ; INCLUDING, BUT NOT LIMITED TO, THE IMPLIED WARRANTIES OF MERCHANTABILITY AND FITNESS F
      +                          OR
    44                           ; PURPOSE ARE DISCLAIMED.  IN NO EVENT SHALL MICROCHIP BE LIABLE FOR ANY DIRECT, INDIREC
      +                          T,
    45                           ; INCIDENTAL, SPECIAL, EXEMPLARY, OR CONSEQUENTIAL DAMAGES (INCLUDING BUT NOT LIMITED TO
    46                           ; PROCUREMENT OF SUBSTITUTE GOODS OR SERVICES; LOSS OF USE, DATA OR PROFITS; OR BUSINESS
    47                           ; INTERRUPTION) HOWSOEVER CAUSED AND ON ANY THEORY OF LIABILITY, WHETHER IN CONTRACT, ST
      +                          RICT
    48                           ; LIABILITY, OR TORT (INCLUDING NEGLIGENCE OR OTHERWISE) ARISING IN ANY WAY OUT OF THE U
      +                          SE OF
    49                           ; THIS SOFTWARE, EVEN IF ADVISED OF THE POSSIBILITY OF SUCH DAMAGE.
    50                           ; 
    51                           ; 
    52                           ; Code-generator required, PIC18F4550 Definitions
    53                           ; 
    54                           ; SFR Addresses
    55  0000                     _PORTA	set	3968
    56  0000                     _TRISD	set	3989
    57  0000                     _PIR1bits	set	3998
    58  0000                     _PIE1bits	set	3997
    59  0000                     _ADCON2bits	set	4032
    60  0000                     _ADCON0bits	set	4034
    61  0000                     _ADCON0	set	4034
    62  0000                     _T0CONbits	set	4053
    63  0000                     _INTCONbits	set	4082
    64  0000                     _LATAbits	set	3977
    65  0000                     _LATEbits	set	3981
    66  0000                     _TRISEbits	set	3990
    67  0000                     _TRISAbits	set	3986
    68  0000                     _ADCON1bits	set	4033
    69  0000                     _TMR0L	set	4054
    70  0000                     _TMR0IF	set	32658
    71  0000                     _TMR0ON	set	32431
    72  0000                     _RCIF	set	31989
    73  0000                     _T08BIT	set	32430
    74                           
    75                           ; #config settings
    76  0000                     
    77                           	psect	cinit
    78  007B6A                     __pcinit:
    79                           	opt stack 0
    80  007B6A                     start_initialization:
    81                           	opt stack 0
    82  007B6A                     __initialization:
    83                           	opt stack 0
    84  007B6A                     end_of_initialization:
    85                           	opt stack 0
    86  007B6A                     __end_of__initialization:
    87                           	opt stack 0
    88  007B6A  0100               	movlb	0
    89  007B6C  EF25  F03E         	goto	_main	;jump to C main() function
    90                           
    91                           	psect	cstackCOMRAM
    92  000001                     __pcstackCOMRAM:
    93                           	opt stack 0
    94  000001                     ?___ftpack:
    95                           	opt stack 0
    96  000001                     carroGirar@direccion:
    97                           	opt stack 0
    98  000001                     ___ftpack@arg:
    99                           	opt stack 0
   100                           
   101                           ; 3 bytes @ 0x0
   102  000001                     	ds	3
   103  000004                     ___ftpack@exp:
   104                           	opt stack 0
   105                           
   106                           ; 1 bytes @ 0x3
   107  000004                     	ds	1
   108  000005                     ___ftpack@sign:
   109                           	opt stack 0
   110                           
   111                           ; 1 bytes @ 0x4
   112  000005                     	ds	1
   113  000006                     ??___ftpack:
   114                           
   115                           ; 1 bytes @ 0x5
   116  000006                     	ds	3
   117  000009                     ?___awtoft:
   118                           	opt stack 0
   119  000009                     ___awtoft@c:
   120                           	opt stack 0
   121                           
   122                           ; 2 bytes @ 0x8
   123  000009                     	ds	3
   124  00000C                     ___awtoft@sign:
   125                           	opt stack 0
   126                           
   127                           ; 1 bytes @ 0xB
   128  00000C                     	ds	1
   129  00000D                     ?___ftdiv:
   130                           	opt stack 0
   131  00000D                     ___ftdiv@f1:
   132                           	opt stack 0
   133                           
   134                           ; 3 bytes @ 0xC
   135  00000D                     	ds	3
   136  000010                     ___ftdiv@f2:
   137                           	opt stack 0
   138                           
   139                           ; 3 bytes @ 0xF
   140  000010                     	ds	3
   141  000013                     ??___ftdiv:
   142                           
   143                           ; 1 bytes @ 0x12
   144  000013                     	ds	3
   145  000016                     ___ftdiv@cntr:
   146                           	opt stack 0
   147                           
   148                           ; 1 bytes @ 0x15
   149  000016                     	ds	1
   150  000017                     ___ftdiv@f3:
   151                           	opt stack 0
   152                           
   153                           ; 3 bytes @ 0x16
   154  000017                     	ds	3
   155  00001A                     ___ftdiv@exp:
   156                           	opt stack 0
   157                           
   158                           ; 1 bytes @ 0x19
   159  00001A                     	ds	1
   160  00001B                     ___ftdiv@sign:
   161                           	opt stack 0
   162                           
   163                           ; 1 bytes @ 0x1A
   164  00001B                     	ds	1
   165  00001C                     ?___fttol:
   166                           	opt stack 0
   167  00001C                     ___fttol@f1:
   168                           	opt stack 0
   169                           
   170                           ; 3 bytes @ 0x1B
   171  00001C                     	ds	4
   172  000020                     ??___fttol:
   173                           
   174                           ; 1 bytes @ 0x1F
   175  000020                     	ds	5
   176  000025                     ___fttol@sign1:
   177                           	opt stack 0
   178                           
   179                           ; 1 bytes @ 0x24
   180  000025                     	ds	1
   181  000026                     ___fttol@lval:
   182                           	opt stack 0
   183                           
   184                           ; 4 bytes @ 0x25
   185  000026                     	ds	4
   186  00002A                     ___fttol@exp1:
   187                           	opt stack 0
   188                           
   189                           ; 1 bytes @ 0x29
   190  00002A                     	ds	1
   191  00002B                     wait_in_ms@time_in_ms:
   192                           	opt stack 0
   193                           
   194                           ; 2 bytes @ 0x2A
   195  00002B                     	ds	2
   196  00002D                     ??_wait_in_ms:
   197                           
   198                           ; 1 bytes @ 0x2C
   199  00002D                     	ds	2
   200  00002F                     wait_in_ms@flag:
   201                           	opt stack 0
   202                           
   203                           ; 2 bytes @ 0x2E
   204  00002F                     	ds	2
   205  000031                     wait_in_ms@count:
   206                           	opt stack 0
   207                           
   208                           ; 2 bytes @ 0x30
   209  000031                     	ds	2
   210  000033                     wait_in_ms@count_ms:
   211                           	opt stack 0
   212                           
   213                           ; 2 bytes @ 0x32
   214  000033                     	ds	2
   215  000035                     
   216                           ; 1 bytes @ 0x34
   217 ;;
   218 ;;Main: autosize = 0, tempsize = 0, incstack = 0, save=0
   219 ;;
   220 ;; *************** function _main *****************
   221 ;; Defined at:
   222 ;;		line 34 in file "carroMain.c"
   223 ;; Parameters:    Size  Location     Type
   224 ;;		None
   225 ;; Auto vars:     Size  Location     Type
   226 ;;		None
   227 ;; Return value:  Size  Location     Type
   228 ;;                  1    wreg      void 
   229 ;; Registers used:
   230 ;;		wreg, status,2, status,0, cstack
   231 ;; Tracked objects:
   232 ;;		On entry : 0/0
   233 ;;		On exit  : 0/0
   234 ;;		Unchanged: 0/0
   235 ;; Data sizes:     COMRAM   BANK0   BANK1   BANK2   BANK3   BANK4   BANK5   BANK6   BANK7
   236 ;;      Params:         0       0       0       0       0       0       0       0       0
   237 ;;      Locals:         0       0       0       0       0       0       0       0       0
   238 ;;      Temps:          0       0       0       0       0       0       0       0       0
   239 ;;      Totals:         0       0       0       0       0       0       0       0       0
   240 ;;Total ram usage:        0 bytes
   241 ;; Hardware stack levels required when called:    3
   242 ;; This function calls:
   243 ;;		_carroAtras
   244 ;;		_carroAvanzar
   245 ;;		_carroGirar
   246 ;;		_carroMatar
   247 ;;		_configBoard
   248 ;;		_wait_in_ms
   249 ;; This function is called by:
   250 ;;		Startup code after reset
   251 ;; This function uses a non-reentrant model
   252 ;;
   253                           
   254                           	psect	text0
   255  007C4A                     __ptext0:
   256                           	opt stack 0
   257  007C4A                     _main:
   258                           	opt stack 28
   259                           
   260                           ;carroMain.c: 36: configBoard();
   261                           
   262                           ;incstack = 0
   263  007C4A  ECF5  F03D         	call	_configBoard	;wreg free
   264                           
   265                           ;carroMain.c: 37: ADCON1bits.PCFG = 0b1111;
   266  007C4E  80C1               	bsf	4033,0,c	;volatile
   267  007C50  82C1               	bsf	4033,1,c	;volatile
   268  007C52  84C1               	bsf	4033,2,c	;volatile
   269  007C54  86C1               	bsf	4033,3,c	;volatile
   270                           
   271                           ;carroMain.c: 39: TRISAbits.RA0=0;
   272  007C56  9092               	bcf	3986,0,c	;volatile
   273                           
   274                           ;carroMain.c: 40: TRISAbits.RA1=0;
   275  007C58  9292               	bcf	3986,1,c	;volatile
   276                           
   277                           ;carroMain.c: 41: TRISEbits.RE0=0;
   278  007C5A  9096               	bcf	3990,0,c	;volatile
   279                           
   280                           ;carroMain.c: 42: TRISEbits.RE1=0;
   281  007C5C  9296               	bcf	3990,1,c	;volatile
   282  007C5E                     
   283                           ;carroMain.c: 54: wait_in_ms(1000);
   284  007C5E  0E03               	movlw	3
   285  007C60  6E2C               	movwf	wait_in_ms@time_in_ms+1,c
   286  007C62  0EE8               	movlw	232
   287  007C64  6E2B               	movwf	wait_in_ms@time_in_ms,c
   288  007C66  ECAD  F03E         	call	_wait_in_ms	;wreg free
   289                           
   290                           ;carroMain.c: 55: carroAvanzar();
   291  007C6A  ECBD  F03D         	call	_carroAvanzar	;wreg free
   292                           
   293                           ;carroMain.c: 56: wait_in_ms(1000);
   294  007C6E  0E03               	movlw	3
   295  007C70  6E2C               	movwf	wait_in_ms@time_in_ms+1,c
   296  007C72  0EE8               	movlw	232
   297  007C74  6E2B               	movwf	wait_in_ms@time_in_ms,c
   298  007C76  ECAD  F03E         	call	_wait_in_ms	;wreg free
   299                           
   300                           ;carroMain.c: 57: carroAtras();
   301  007C7A  ECB8  F03D         	call	_carroAtras	;wreg free
   302                           
   303                           ;carroMain.c: 58: wait_in_ms(1000);
   304  007C7E  0E03               	movlw	3
   305  007C80  6E2C               	movwf	wait_in_ms@time_in_ms+1,c
   306  007C82  0EE8               	movlw	232
   307  007C84  6E2B               	movwf	wait_in_ms@time_in_ms,c
   308  007C86  ECAD  F03E         	call	_wait_in_ms	;wreg free
   309                           
   310                           ;carroMain.c: 59: carroMatar();
   311  007C8A  ECC2  F03D         	call	_carroMatar	;wreg free
   312                           
   313                           ;carroMain.c: 60: carroGirar(1);
   314  007C8E  0E01               	movlw	1
   315  007C90  ECC7  F03D         	call	_carroGirar
   316                           
   317                           ;carroMain.c: 61: wait_in_ms(1000);
   318  007C94  0E03               	movlw	3
   319  007C96  6E2C               	movwf	wait_in_ms@time_in_ms+1,c
   320  007C98  0EE8               	movlw	232
   321  007C9A  6E2B               	movwf	wait_in_ms@time_in_ms,c
   322  007C9C  ECAD  F03E         	call	_wait_in_ms	;wreg free
   323                           
   324                           ;carroMain.c: 62: carroMatar();
   325  007CA0  ECC2  F03D         	call	_carroMatar	;wreg free
   326                           
   327                           ;carroMain.c: 63: carroGirar(2);
   328  007CA4  0E02               	movlw	2
   329  007CA6  ECC7  F03D         	call	_carroGirar
   330  007CAA  D7D9               	goto	l27
   331  007CAC                     __end_of_main:
   332                           	opt stack 0
   333                           
   334 ;; *************** function _wait_in_ms *****************
   335 ;; Defined at:
   336 ;;		line 80 in file "config.c"
   337 ;; Parameters:    Size  Location     Type
   338 ;;  time_in_ms      2   42[COMRAM] int 
   339 ;; Auto vars:     Size  Location     Type
   340 ;;  count_ms        2   50[COMRAM] unsigned int 
   341 ;;  count           2   48[COMRAM] unsigned int 
   342 ;;  flag            2   46[COMRAM] unsigned int 
   343 ;; Return value:  Size  Location     Type
   344 ;;                  1    wreg      void 
   345 ;; Registers used:
   346 ;;		wreg, status,2, status,0, cstack
   347 ;; Tracked objects:
   348 ;;		On entry : 0/0
   349 ;;		On exit  : 0/0
   350 ;;		Unchanged: 0/0
   351 ;; Data sizes:     COMRAM   BANK0   BANK1   BANK2   BANK3   BANK4   BANK5   BANK6   BANK7
   352 ;;      Params:         2       0       0       0       0       0       0       0       0
   353 ;;      Locals:         6       0       0       0       0       0       0       0       0
   354 ;;      Temps:          2       0       0       0       0       0       0       0       0
   355 ;;      Totals:        10       0       0       0       0       0       0       0       0
   356 ;;Total ram usage:       10 bytes
   357 ;; Hardware stack levels used:    1
   358 ;; Hardware stack levels required when called:    2
   359 ;; This function calls:
   360 ;;		___awtoft
   361 ;;		___ftdiv
   362 ;;		___fttol
   363 ;; This function is called by:
   364 ;;		_main
   365 ;; This function uses a non-reentrant model
   366 ;;
   367                           
   368                           	psect	text1
   369  007D5A                     __ptext1:
   370                           	opt stack 0
   371  007D5A                     _wait_in_ms:
   372                           	opt stack 28
   373                           
   374                           ;config.c: 81: unsigned int count = 0;
   375                           
   376                           ;incstack = 0
   377  007D5A  0E00               	movlw	0
   378  007D5C  6E32               	movwf	wait_in_ms@count+1,c
   379  007D5E  0E00               	movlw	0
   380  007D60  6E31               	movwf	wait_in_ms@count,c
   381                           
   382                           ;config.c: 82: unsigned int count_ms = 0;
   383  007D62  0E00               	movlw	0
   384  007D64  6E34               	movwf	wait_in_ms@count_ms+1,c
   385  007D66  0E00               	movlw	0
   386  007D68  6E33               	movwf	wait_in_ms@count_ms,c
   387                           
   388                           ;config.c: 83: unsigned int flag = 0;
   389  007D6A  0E00               	movlw	0
   390  007D6C  6E30               	movwf	wait_in_ms@flag+1,c
   391  007D6E  0E00               	movlw	0
   392  007D70  6E2F               	movwf	wait_in_ms@flag,c
   393                           
   394                           ;config.c: 85: TMR0L = 131;
   395  007D72  0E83               	movlw	131
   396  007D74  6ED6               	movwf	4054,c	;volatile
   397                           
   398                           ;config.c: 88: count_ms = ((8000000)*0.001)/((256-TMR0L)*32);
   399  007D76  50D6               	movf	4054,w,c	;volatile
   400  007D78  6E2D               	movwf	??_wait_in_ms& (0+255),c
   401  007D7A  6A2E               	clrf	(??_wait_in_ms+1)& (0+255),c
   402  007D7C  1E2D               	comf	??_wait_in_ms,f,c
   403  007D7E  1E2E               	comf	??_wait_in_ms+1,f,c
   404  007D80  4A2D               	infsnz	??_wait_in_ms,f,c
   405  007D82  2A2E               	incf	??_wait_in_ms+1,f,c
   406  007D84  0E05               	movlw	5
   407  007D86                     u535:
   408  007D86  90D8               	bcf	status,0,c
   409  007D88  362D               	rlcf	??_wait_in_ms,f,c
   410  007D8A  362E               	rlcf	??_wait_in_ms+1,f,c
   411  007D8C  2EE8               	decfsz	wreg,f,c
   412  007D8E  D7FB               	goto	u535
   413  007D90  0E00               	movlw	0
   414  007D92  242D               	addwf	??_wait_in_ms,w,c
   415  007D94  6E09               	movwf	___awtoft@c,c
   416  007D96  0E20               	movlw	32
   417  007D98  202E               	addwfc	??_wait_in_ms+1,w,c
   418  007D9A  6E0A               	movwf	___awtoft@c+1,c
   419  007D9C  ECD9  F03D         	call	___awtoft	;wreg free
   420  007DA0  C009  F010         	movff	?___awtoft,___ftdiv@f2
   421  007DA4  C00A  F011         	movff	?___awtoft+1,___ftdiv@f2+1
   422  007DA8  C00B  F012         	movff	?___awtoft+2,___ftdiv@f2+2
   423  007DAC  0E00               	movlw	0
   424  007DAE  6E0D               	movwf	___ftdiv@f1,c
   425  007DB0  0EFA               	movlw	250
   426  007DB2  6E0E               	movwf	___ftdiv@f1+1,c
   427  007DB4  0E45               	movlw	69
   428  007DB6  6E0F               	movwf	___ftdiv@f1+2,c
   429  007DB8  EC13  F03F         	call	___ftdiv	;wreg free
   430  007DBC  C00D  F01C         	movff	?___ftdiv,___fttol@f1
   431  007DC0  C00E  F01D         	movff	?___ftdiv+1,___fttol@f1+1
   432  007DC4  C00F  F01E         	movff	?___ftdiv+2,___fttol@f1+2
   433  007DC8  EC86  F03F         	call	___fttol	;wreg free
   434  007DCC  C01C  F033         	movff	?___fttol,wait_in_ms@count_ms
   435  007DD0  C01D  F034         	movff	?___fttol+1,wait_in_ms@count_ms+1
   436                           
   437                           ;config.c: 90: TMR0ON = 1;
   438  007DD4  8ED5               	bsf	4053,7,c	;volatile
   439                           
   440                           ;config.c: 92: while (count < count_ms){
   441  007DD6  D020               	goto	l90
   442  007DD8                     l86:
   443                           
   444                           ;config.c: 93: if(TMR0IF == 1){
   445  007DD8  A4F2               	btfss	intcon,2,c	;volatile
   446  007DDA  D01E               	goto	l90
   447                           
   448                           ;config.c: 94: TMR0IF = 0;
   449  007DDC  94F2               	bcf	intcon,2,c	;volatile
   450                           
   451                           ;config.c: 95: TMR0L = 131;
   452  007DDE  0E83               	movlw	131
   453  007DE0  6ED6               	movwf	4054,c	;volatile
   454                           
   455                           ;config.c: 96: count ++;
   456  007DE2  4A31               	infsnz	wait_in_ms@count,f,c
   457  007DE4  2A32               	incf	wait_in_ms@count+1,f,c
   458                           
   459                           ;config.c: 97: if (count == count_ms){
   460  007DE6  5033               	movf	wait_in_ms@count_ms,w,c
   461  007DE8  1831               	xorwf	wait_in_ms@count,w,c
   462  007DEA  E116               	bnz	l1126
   463  007DEC  5034               	movf	wait_in_ms@count_ms+1,w,c
   464  007DEE  1832               	xorwf	wait_in_ms@count+1,w,c
   465  007DF0  A4D8               	btfss	status,2,c
   466  007DF2  D012               	goto	l90
   467                           
   468                           ;config.c: 98: flag++;
   469  007DF4  4A2F               	infsnz	wait_in_ms@flag,f,c
   470  007DF6  2A30               	incf	wait_in_ms@flag+1,f,c
   471                           
   472                           ;config.c: 99: if (flag != time_in_ms){
   473  007DF8  502F               	movf	wait_in_ms@flag,w,c
   474  007DFA  182B               	xorwf	wait_in_ms@time_in_ms,w,c
   475  007DFC  E104               	bnz	u560
   476  007DFE  5030               	movf	wait_in_ms@flag+1,w,c
   477  007E00  182C               	xorwf	wait_in_ms@time_in_ms+1,w,c
   478  007E02  B4D8               	btfsc	status,2,c
   479  007E04  D005               	goto	l89
   480  007E06                     u560:
   481                           
   482                           ;config.c: 100: count = 0;
   483  007E06  0E00               	movlw	0
   484  007E08  6E32               	movwf	wait_in_ms@count+1,c
   485  007E0A  0E00               	movlw	0
   486  007E0C  6E31               	movwf	wait_in_ms@count,c
   487                           
   488                           ;config.c: 101: }
   489  007E0E  D004               	goto	l90
   490  007E10                     l89:
   491                           
   492                           ;config.c: 102: else{
   493                           ;config.c: 103: count = count_ms;
   494  007E10  C033  F031         	movff	wait_in_ms@count_ms,wait_in_ms@count
   495  007E14  C034  F032         	movff	wait_in_ms@count_ms+1,wait_in_ms@count+1
   496  007E18                     l90:
   497  007E18                     l1126:
   498  007E18  5033               	movf	wait_in_ms@count_ms,w,c
   499  007E1A  5C31               	subwf	wait_in_ms@count,w,c
   500  007E1C  5034               	movf	wait_in_ms@count_ms+1,w,c
   501  007E1E  5832               	subwfb	wait_in_ms@count+1,w,c
   502  007E20  B0D8               	btfsc	status,0,c
   503  007E22  0012               	return	
   504  007E24  D7D9               	goto	l86
   505  007E26                     __end_of_wait_in_ms:
   506                           	opt stack 0
   507                           intcon	equ	0xFF2
   508                           wreg	equ	0xFE8
   509                           status	equ	0xFD8
   510                           
   511 ;; *************** function ___fttol *****************
   512 ;; Defined at:
   513 ;;		line 44 in file "C:\Program Files (x86)\Microchip\xc8\v1.45\sources\common\fttol.c"
   514 ;; Parameters:    Size  Location     Type
   515 ;;  f1              3   27[COMRAM] float 
   516 ;; Auto vars:     Size  Location     Type
   517 ;;  lval            4   37[COMRAM] unsigned long 
   518 ;;  exp1            1   41[COMRAM] unsigned char 
   519 ;;  sign1           1   36[COMRAM] unsigned char 
   520 ;; Return value:  Size  Location     Type
   521 ;;                  4   27[COMRAM] long 
   522 ;; Registers used:
   523 ;;		wreg, status,2, status,0
   524 ;; Tracked objects:
   525 ;;		On entry : 0/0
   526 ;;		On exit  : 0/0
   527 ;;		Unchanged: 0/0
   528 ;; Data sizes:     COMRAM   BANK0   BANK1   BANK2   BANK3   BANK4   BANK5   BANK6   BANK7
   529 ;;      Params:         4       0       0       0       0       0       0       0       0
   530 ;;      Locals:         6       0       0       0       0       0       0       0       0
   531 ;;      Temps:          5       0       0       0       0       0       0       0       0
   532 ;;      Totals:        15       0       0       0       0       0       0       0       0
   533 ;;Total ram usage:       15 bytes
   534 ;; Hardware stack levels used:    1
   535 ;; This function calls:
   536 ;;		Nothing
   537 ;; This function is called by:
   538 ;;		_wait_in_ms
   539 ;; This function uses a non-reentrant model
   540 ;;
   541                           
   542                           	psect	text2
   543  007F0C                     __ptext2:
   544                           	opt stack 0
   545  007F0C                     ___fttol:
   546                           	opt stack 29
   547                           
   548                           ;incstack = 0
   549  007F0C  C01E  F020         	movff	___fttol@f1+2,??___fttol
   550  007F10  6A21               	clrf	(??___fttol+1)& (0+255),c
   551  007F12  6A22               	clrf	(??___fttol+2)& (0+255),c
   552  007F14  341D               	rlcf	___fttol@f1+1,w,c
   553  007F16  3620               	rlcf	??___fttol& (0+255),f,c
   554  007F18  E301               	bnc	u451
   555  007F1A  8021               	bsf	(??___fttol+1)& (0+255),0,c
   556  007F1C                     u451:
   557  007F1C  5020               	movf	??___fttol,w,c
   558  007F1E  6E2A               	movwf	___fttol@exp1,c
   559  007F20  502A               	movf	___fttol@exp1,w,c
   560  007F22  A4D8               	btfss	status,2,c
   561  007F24  D009               	goto	l413
   562  007F26  0E00               	movlw	0
   563  007F28  6E1C               	movwf	?___fttol,c
   564  007F2A  0E00               	movlw	0
   565  007F2C  6E1D               	movwf	?___fttol+1,c
   566  007F2E  0E00               	movlw	0
   567  007F30  6E1E               	movwf	?___fttol+2,c
   568  007F32  0E00               	movlw	0
   569  007F34  6E1F               	movwf	?___fttol+3,c
   570  007F36  0012               	return	
   571  007F38                     l413:
   572  007F38  0E17               	movlw	23
   573  007F3A  6E20               	movwf	??___fttol& (0+255),c
   574  007F3C  C01C  F021         	movff	___fttol@f1,??___fttol+1
   575  007F40  C01D  F022         	movff	___fttol@f1+1,??___fttol+2
   576  007F44  C01E  F023         	movff	___fttol@f1+2,??___fttol+3
   577  007F48  2820               	incf	??___fttol,w,c
   578  007F4A  6E24               	movwf	(??___fttol+4)& (0+255),c
   579  007F4C  D004               	goto	u470
   580  007F4E                     u475:
   581  007F4E  90D8               	bcf	status,0,c
   582  007F50  3223               	rrcf	??___fttol+3,f,c
   583  007F52  3222               	rrcf	??___fttol+2,f,c
   584  007F54  3221               	rrcf	??___fttol+1,f,c
   585  007F56                     u470:
   586  007F56  2E24               	decfsz	(??___fttol+4)& (0+255),f,c
   587  007F58  D7FA               	goto	u475
   588  007F5A  5021               	movf	??___fttol+1,w,c
   589  007F5C  6E25               	movwf	___fttol@sign1,c
   590  007F5E  8E1D               	bsf	___fttol@f1+1,7,c
   591  007F60  0EFF               	movlw	255
   592  007F62  161C               	andwf	___fttol@f1,f,c
   593  007F64  0EFF               	movlw	255
   594  007F66  161D               	andwf	___fttol@f1+1,f,c
   595  007F68  0E00               	movlw	0
   596  007F6A  161E               	andwf	___fttol@f1+2,f,c
   597  007F6C  501C               	movf	___fttol@f1,w,c
   598  007F6E  6E26               	movwf	___fttol@lval,c
   599  007F70  501D               	movf	___fttol@f1+1,w,c
   600  007F72  6E27               	movwf	___fttol@lval+1,c
   601  007F74  501E               	movf	___fttol@f1+2,w,c
   602  007F76  6E28               	movwf	___fttol@lval+2,c
   603  007F78  6A29               	clrf	___fttol@lval+3,c
   604  007F7A  0E8E               	movlw	142
   605  007F7C  5E2A               	subwf	___fttol@exp1,f,c
   606  007F7E  AE2A               	btfss	___fttol@exp1,7,c
   607  007F80  D016               	goto	l415
   608  007F82  502A               	movf	___fttol@exp1,w,c
   609  007F84  0A80               	xorlw	128
   610  007F86  0F8F               	addlw	143
   611  007F88  B0D8               	btfsc	status,0,c
   612  007F8A  D009               	goto	l416
   613  007F8C  0E00               	movlw	0
   614  007F8E  6E1C               	movwf	?___fttol,c
   615  007F90  0E00               	movlw	0
   616  007F92  6E1D               	movwf	?___fttol+1,c
   617  007F94  0E00               	movlw	0
   618  007F96  6E1E               	movwf	?___fttol+2,c
   619  007F98  0E00               	movlw	0
   620  007F9A  6E1F               	movwf	?___fttol+3,c
   621  007F9C  0012               	return	
   622  007F9E                     l416:
   623  007F9E  90D8               	bcf	status,0,c
   624  007FA0  3229               	rrcf	___fttol@lval+3,f,c
   625  007FA2  3228               	rrcf	___fttol@lval+2,f,c
   626  007FA4  3227               	rrcf	___fttol@lval+1,f,c
   627  007FA6  3226               	rrcf	___fttol@lval,f,c
   628  007FA8  3E2A               	incfsz	___fttol@exp1,f,c
   629  007FAA  D7F9               	goto	l416
   630  007FAC  D015               	goto	u510
   631  007FAE                     l415:
   632  007FAE  0E17               	movlw	23
   633  007FB0  642A               	cpfsgt	___fttol@exp1,c
   634  007FB2  D00F               	goto	l421
   635  007FB4  0E00               	movlw	0
   636  007FB6  6E1C               	movwf	?___fttol,c
   637  007FB8  0E00               	movlw	0
   638  007FBA  6E1D               	movwf	?___fttol+1,c
   639  007FBC  0E00               	movlw	0
   640  007FBE  6E1E               	movwf	?___fttol+2,c
   641  007FC0  0E00               	movlw	0
   642  007FC2  6E1F               	movwf	?___fttol+3,c
   643  007FC4  0012               	return	
   644  007FC6  90D8               	bcf	status,0,c
   645  007FC8  3626               	rlcf	___fttol@lval,f,c
   646  007FCA  3627               	rlcf	___fttol@lval+1,f,c
   647  007FCC  3628               	rlcf	___fttol@lval+2,f,c
   648  007FCE  3629               	rlcf	___fttol@lval+3,f,c
   649  007FD0  062A               	decf	___fttol@exp1,f,c
   650  007FD2                     l421:
   651  007FD2  502A               	movf	___fttol@exp1,w,c
   652  007FD4  A4D8               	btfss	status,2,c
   653  007FD6  D7F7               	goto	l422
   654  007FD8                     u510:
   655  007FD8  5025               	movf	___fttol@sign1,w,c
   656  007FDA  B4D8               	btfsc	status,2,c
   657  007FDC  D008               	goto	l424
   658  007FDE  1E29               	comf	___fttol@lval+3,f,c
   659  007FE0  1E28               	comf	___fttol@lval+2,f,c
   660  007FE2  1E27               	comf	___fttol@lval+1,f,c
   661  007FE4  6C26               	negf	___fttol@lval,c
   662  007FE6  0E00               	movlw	0
   663  007FE8  2227               	addwfc	___fttol@lval+1,f,c
   664  007FEA  2228               	addwfc	___fttol@lval+2,f,c
   665  007FEC  2229               	addwfc	___fttol@lval+3,f,c
   666  007FEE                     l424:
   667  007FEE  C026  F01C         	movff	___fttol@lval,?___fttol
   668  007FF2  C027  F01D         	movff	___fttol@lval+1,?___fttol+1
   669  007FF6  C028  F01E         	movff	___fttol@lval+2,?___fttol+2
   670  007FFA  C029  F01F         	movff	___fttol@lval+3,?___fttol+3
   671  007FFE  0012               	return	
   672  008000                     __end_of___fttol:
   673                           	opt stack 0
   674                           intcon	equ	0xFF2
   675                           wreg	equ	0xFE8
   676                           status	equ	0xFD8
   677                           
   678 ;; *************** function ___ftdiv *****************
   679 ;; Defined at:
   680 ;;		line 54 in file "C:\Program Files (x86)\Microchip\xc8\v1.45\sources\common\ftdiv.c"
   681 ;; Parameters:    Size  Location     Type
   682 ;;  f1              3   12[COMRAM] float 
   683 ;;  f2              3   15[COMRAM] float 
   684 ;; Auto vars:     Size  Location     Type
   685 ;;  f3              3   22[COMRAM] float 
   686 ;;  sign            1   26[COMRAM] unsigned char 
   687 ;;  exp             1   25[COMRAM] unsigned char 
   688 ;;  cntr            1   21[COMRAM] unsigned char 
   689 ;; Return value:  Size  Location     Type
   690 ;;                  3   12[COMRAM] float 
   691 ;; Registers used:
   692 ;;		wreg, status,2, status,0, cstack
   693 ;; Tracked objects:
   694 ;;		On entry : 0/0
   695 ;;		On exit  : 0/0
   696 ;;		Unchanged: 0/0
   697 ;; Data sizes:     COMRAM   BANK0   BANK1   BANK2   BANK3   BANK4   BANK5   BANK6   BANK7
   698 ;;      Params:         6       0       0       0       0       0       0       0       0
   699 ;;      Locals:         6       0       0       0       0       0       0       0       0
   700 ;;      Temps:          3       0       0       0       0       0       0       0       0
   701 ;;      Totals:        15       0       0       0       0       0       0       0       0
   702 ;;Total ram usage:       15 bytes
   703 ;; Hardware stack levels used:    1
   704 ;; Hardware stack levels required when called:    1
   705 ;; This function calls:
   706 ;;		___ftpack
   707 ;; This function is called by:
   708 ;;		_wait_in_ms
   709 ;; This function uses a non-reentrant model
   710 ;;
   711                           
   712                           	psect	text3
   713  007E26                     __ptext3:
   714                           	opt stack 0
   715  007E26                     ___ftdiv:
   716                           	opt stack 28
   717                           
   718                           ;incstack = 0
   719  007E26  C00F  F013         	movff	___ftdiv@f1+2,??___ftdiv
   720  007E2A  6A14               	clrf	(??___ftdiv+1)& (0+255),c
   721  007E2C  6A15               	clrf	(??___ftdiv+2)& (0+255),c
   722  007E2E  340E               	rlcf	___ftdiv@f1+1,w,c
   723  007E30  3613               	rlcf	??___ftdiv& (0+255),f,c
   724  007E32  E301               	bnc	u391
   725  007E34  8014               	bsf	(??___ftdiv+1)& (0+255),0,c
   726  007E36                     u391:
   727  007E36  5013               	movf	??___ftdiv,w,c
   728  007E38  6E1A               	movwf	___ftdiv@exp,c
   729  007E3A  501A               	movf	___ftdiv@exp,w,c
   730  007E3C  A4D8               	btfss	status,2,c
   731  007E3E  D007               	goto	l377
   732  007E40  0E00               	movlw	0
   733  007E42  6E0D               	movwf	?___ftdiv,c
   734  007E44  0E00               	movlw	0
   735  007E46  6E0E               	movwf	?___ftdiv+1,c
   736  007E48  0E00               	movlw	0
   737  007E4A  6E0F               	movwf	?___ftdiv+2,c
   738  007E4C  0012               	return	
   739  007E4E                     l377:
   740  007E4E  C012  F013         	movff	___ftdiv@f2+2,??___ftdiv
   741  007E52  6A14               	clrf	(??___ftdiv+1)& (0+255),c
   742  007E54  6A15               	clrf	(??___ftdiv+2)& (0+255),c
   743  007E56  3411               	rlcf	___ftdiv@f2+1,w,c
   744  007E58  3613               	rlcf	??___ftdiv& (0+255),f,c
   745  007E5A  E301               	bnc	u411
   746  007E5C  8014               	bsf	(??___ftdiv+1)& (0+255),0,c
   747  007E5E                     u411:
   748  007E5E  5013               	movf	??___ftdiv,w,c
   749  007E60  6E1B               	movwf	___ftdiv@sign,c
   750  007E62  501B               	movf	___ftdiv@sign,w,c
   751  007E64  A4D8               	btfss	status,2,c
   752  007E66  D007               	goto	l379
   753  007E68  0E00               	movlw	0
   754  007E6A  6E0D               	movwf	?___ftdiv,c
   755  007E6C  0E00               	movlw	0
   756  007E6E  6E0E               	movwf	?___ftdiv+1,c
   757  007E70  0E00               	movlw	0
   758  007E72  6E0F               	movwf	?___ftdiv+2,c
   759  007E74  0012               	return	
   760  007E76                     l379:
   761  007E76  0E00               	movlw	0
   762  007E78  6E17               	movwf	___ftdiv@f3,c
   763  007E7A  0E00               	movlw	0
   764  007E7C  6E18               	movwf	___ftdiv@f3+1,c
   765  007E7E  0E00               	movlw	0
   766  007E80  6E19               	movwf	___ftdiv@f3+2,c
   767  007E82  501B               	movf	___ftdiv@sign,w,c
   768  007E84  0F89               	addlw	137
   769  007E86  5E1A               	subwf	___ftdiv@exp,f,c
   770  007E88  C00F  F01B         	movff	___ftdiv@f1+2,___ftdiv@sign
   771  007E8C  5012               	movf	___ftdiv@f2+2,w,c
   772  007E8E  1A1B               	xorwf	___ftdiv@sign,f,c
   773  007E90  0E80               	movlw	128
   774  007E92  161B               	andwf	___ftdiv@sign,f,c
   775  007E94  8E0E               	bsf	___ftdiv@f1+1,7,c
   776  007E96  0EFF               	movlw	255
   777  007E98  160D               	andwf	___ftdiv@f1,f,c
   778  007E9A  0EFF               	movlw	255
   779  007E9C  160E               	andwf	___ftdiv@f1+1,f,c
   780  007E9E  0E00               	movlw	0
   781  007EA0  160F               	andwf	___ftdiv@f1+2,f,c
   782  007EA2  8E11               	bsf	___ftdiv@f2+1,7,c
   783  007EA4  0EFF               	movlw	255
   784  007EA6  1610               	andwf	___ftdiv@f2,f,c
   785  007EA8  0EFF               	movlw	255
   786  007EAA  1611               	andwf	___ftdiv@f2+1,f,c
   787  007EAC  0E00               	movlw	0
   788  007EAE  1612               	andwf	___ftdiv@f2+2,f,c
   789  007EB0  0E18               	movlw	24
   790  007EB2  6E16               	movwf	___ftdiv@cntr,c
   791  007EB4  90D8               	bcf	status,0,c
   792  007EB6  3617               	rlcf	___ftdiv@f3,f,c
   793  007EB8  3618               	rlcf	___ftdiv@f3+1,f,c
   794  007EBA  3619               	rlcf	___ftdiv@f3+2,f,c
   795  007EBC  5010               	movf	___ftdiv@f2,w,c
   796  007EBE  5C0D               	subwf	___ftdiv@f1,w,c
   797  007EC0  5011               	movf	___ftdiv@f2+1,w,c
   798  007EC2  580E               	subwfb	___ftdiv@f1+1,w,c
   799  007EC4  5012               	movf	___ftdiv@f2+2,w,c
   800  007EC6  580F               	subwfb	___ftdiv@f1+2,w,c
   801  007EC8  A0D8               	btfss	status,0,c
   802  007ECA  D007               	goto	l381
   803  007ECC  5010               	movf	___ftdiv@f2,w,c
   804  007ECE  5E0D               	subwf	___ftdiv@f1,f,c
   805  007ED0  5011               	movf	___ftdiv@f2+1,w,c
   806  007ED2  5A0E               	subwfb	___ftdiv@f1+1,f,c
   807  007ED4  5012               	movf	___ftdiv@f2+2,w,c
   808  007ED6  5A0F               	subwfb	___ftdiv@f1+2,f,c
   809  007ED8  8017               	bsf	___ftdiv@f3,0,c
   810  007EDA                     l381:
   811  007EDA  90D8               	bcf	status,0,c
   812  007EDC  360D               	rlcf	___ftdiv@f1,f,c
   813  007EDE  360E               	rlcf	___ftdiv@f1+1,f,c
   814  007EE0  360F               	rlcf	___ftdiv@f1+2,f,c
   815  007EE2  2E16               	decfsz	___ftdiv@cntr,f,c
   816  007EE4  D7E7               	goto	l380
   817  007EE6  C017  F001         	movff	___ftdiv@f3,___ftpack@arg
   818  007EEA  C018  F002         	movff	___ftdiv@f3+1,___ftpack@arg+1
   819  007EEE  C019  F003         	movff	___ftdiv@f3+2,___ftpack@arg+2
   820  007EF2  C01A  F004         	movff	___ftdiv@exp,___ftpack@exp
   821  007EF6  C01B  F005         	movff	___ftdiv@sign,___ftpack@sign
   822  007EFA  EC56  F03E         	call	___ftpack	;wreg free
   823  007EFE  C001  F00D         	movff	?___ftpack,?___ftdiv
   824  007F02  C002  F00E         	movff	?___ftpack+1,?___ftdiv+1
   825  007F06  C003  F00F         	movff	?___ftpack+2,?___ftdiv+2
   826  007F0A  0012               	return	
   827  007F0C                     __end_of___ftdiv:
   828                           	opt stack 0
   829                           intcon	equ	0xFF2
   830                           wreg	equ	0xFE8
   831                           status	equ	0xFD8
   832                           
   833 ;; *************** function ___awtoft *****************
   834 ;; Defined at:
   835 ;;		line 32 in file "C:\Program Files (x86)\Microchip\xc8\v1.45\sources\common\awtoft.c"
   836 ;; Parameters:    Size  Location     Type
   837 ;;  c               2    8[COMRAM] int 
   838 ;; Auto vars:     Size  Location     Type
   839 ;;  sign            1   11[COMRAM] unsigned char 
   840 ;; Return value:  Size  Location     Type
   841 ;;                  3    8[COMRAM] float 
   842 ;; Registers used:
   843 ;;		wreg, status,2, status,0, cstack
   844 ;; Tracked objects:
   845 ;;		On entry : 0/0
   846 ;;		On exit  : 0/0
   847 ;;		Unchanged: 0/0
   848 ;; Data sizes:     COMRAM   BANK0   BANK1   BANK2   BANK3   BANK4   BANK5   BANK6   BANK7
   849 ;;      Params:         3       0       0       0       0       0       0       0       0
   850 ;;      Locals:         1       0       0       0       0       0       0       0       0
   851 ;;      Temps:          0       0       0       0       0       0       0       0       0
   852 ;;      Totals:         4       0       0       0       0       0       0       0       0
   853 ;;Total ram usage:        4 bytes
   854 ;; Hardware stack levels used:    1
   855 ;; Hardware stack levels required when called:    1
   856 ;; This function calls:
   857 ;;		___ftpack
   858 ;; This function is called by:
   859 ;;		_wait_in_ms
   860 ;; This function uses a non-reentrant model
   861 ;;
   862                           
   863                           	psect	text4
   864  007BB2                     __ptext4:
   865                           	opt stack 0
   866  007BB2                     ___awtoft:
   867                           	opt stack 28
   868                           
   869                           ;incstack = 0
   870  007BB2  0E00               	movlw	0
   871  007BB4  6E0C               	movwf	___awtoft@sign,c
   872  007BB6  AE0A               	btfss	___awtoft@c+1,7,c
   873  007BB8  D006               	goto	l294
   874  007BBA  6C09               	negf	___awtoft@c,c
   875  007BBC  1E0A               	comf	___awtoft@c+1,f,c
   876  007BBE  B0D8               	btfsc	status,0,c
   877  007BC0  2A0A               	incf	___awtoft@c+1,f,c
   878  007BC2  0E01               	movlw	1
   879  007BC4  6E0C               	movwf	___awtoft@sign,c
   880  007BC6                     l294:
   881  007BC6  C009  F001         	movff	___awtoft@c,___ftpack@arg
   882  007BCA  C00A  F002         	movff	___awtoft@c+1,___ftpack@arg+1
   883  007BCE  6A03               	clrf	___ftpack@arg+2,c
   884  007BD0  0E8E               	movlw	142
   885  007BD2  6E04               	movwf	___ftpack@exp,c
   886  007BD4  C00C  F005         	movff	___awtoft@sign,___ftpack@sign
   887  007BD8  EC56  F03E         	call	___ftpack	;wreg free
   888  007BDC  C001  F009         	movff	?___ftpack,?___awtoft
   889  007BE0  C002  F00A         	movff	?___ftpack+1,?___awtoft+1
   890  007BE4  C003  F00B         	movff	?___ftpack+2,?___awtoft+2
   891  007BE8  0012               	return	
   892  007BEA                     __end_of___awtoft:
   893                           	opt stack 0
   894                           intcon	equ	0xFF2
   895                           wreg	equ	0xFE8
   896                           status	equ	0xFD8
   897                           
   898 ;; *************** function ___ftpack *****************
   899 ;; Defined at:
   900 ;;		line 62 in file "C:\Program Files (x86)\Microchip\xc8\v1.45\sources\common\float.c"
   901 ;; Parameters:    Size  Location     Type
   902 ;;  arg             3    0[COMRAM] unsigned um
   903 ;;  exp             1    3[COMRAM] unsigned char 
   904 ;;  sign            1    4[COMRAM] unsigned char 
   905 ;; Auto vars:     Size  Location     Type
   906 ;;		None
   907 ;; Return value:  Size  Location     Type
   908 ;;                  3    0[COMRAM] float 
   909 ;; Registers used:
   910 ;;		wreg, status,2, status,0
   911 ;; Tracked objects:
   912 ;;		On entry : 0/0
   913 ;;		On exit  : 0/0
   914 ;;		Unchanged: 0/0
   915 ;; Data sizes:     COMRAM   BANK0   BANK1   BANK2   BANK3   BANK4   BANK5   BANK6   BANK7
   916 ;;      Params:         5       0       0       0       0       0       0       0       0
   917 ;;      Locals:         0       0       0       0       0       0       0       0       0
   918 ;;      Temps:          3       0       0       0       0       0       0       0       0
   919 ;;      Totals:         8       0       0       0       0       0       0       0       0
   920 ;;Total ram usage:        8 bytes
   921 ;; Hardware stack levels used:    1
   922 ;; This function calls:
   923 ;;		Nothing
   924 ;; This function is called by:
   925 ;;		___awtoft
   926 ;;		___ftdiv
   927 ;; This function uses a non-reentrant model
   928 ;;
   929                           
   930                           	psect	text5
   931  007CAC                     __ptext5:
   932                           	opt stack 0
   933  007CAC                     ___ftpack:
   934                           	opt stack 28
   935                           
   936                           ;incstack = 0
   937  007CAC  5004               	movf	___ftpack@exp,w,c
   938  007CAE  B4D8               	btfsc	status,2,c
   939  007CB0  D005               	goto	u320
   940  007CB2  5001               	movf	___ftpack@arg,w,c
   941  007CB4  1002               	iorwf	___ftpack@arg+1,w,c
   942  007CB6  1003               	iorwf	___ftpack@arg+2,w,c
   943  007CB8  A4D8               	btfss	status,2,c
   944  007CBA  D00C               	goto	l313
   945  007CBC                     u320:
   946  007CBC  0E00               	movlw	0
   947  007CBE  6E01               	movwf	?___ftpack,c
   948  007CC0  0E00               	movlw	0
   949  007CC2  6E02               	movwf	?___ftpack+1,c
   950  007CC4  0E00               	movlw	0
   951  007CC6  6E03               	movwf	?___ftpack+2,c
   952  007CC8  0012               	return	
   953  007CCA  2A04               	incf	___ftpack@exp,f,c
   954  007CCC  90D8               	bcf	status,0,c
   955  007CCE  3203               	rrcf	___ftpack@arg+2,f,c
   956  007CD0  3202               	rrcf	___ftpack@arg+1,f,c
   957  007CD2  3201               	rrcf	___ftpack@arg,f,c
   958  007CD4                     l313:
   959  007CD4  0E00               	movlw	0
   960  007CD6  1401               	andwf	___ftpack@arg,w,c
   961  007CD8  6E06               	movwf	??___ftpack& (0+255),c
   962  007CDA  0E00               	movlw	0
   963  007CDC  1402               	andwf	___ftpack@arg+1,w,c
   964  007CDE  6E07               	movwf	(??___ftpack+1)& (0+255),c
   965  007CE0  0EFE               	movlw	254
   966  007CE2  1403               	andwf	___ftpack@arg+2,w,c
   967  007CE4  6E08               	movwf	(??___ftpack+2)& (0+255),c
   968  007CE6  5006               	movf	??___ftpack,w,c
   969  007CE8  1007               	iorwf	??___ftpack+1,w,c
   970  007CEA  1008               	iorwf	??___ftpack+2,w,c
   971  007CEC  B4D8               	btfsc	status,2,c
   972  007CEE  D00C               	goto	l316
   973  007CF0  D7EC               	goto	l314
   974  007CF2  2A04               	incf	___ftpack@exp,f,c
   975  007CF4  0E01               	movlw	1
   976  007CF6  2601               	addwf	___ftpack@arg,f,c
   977  007CF8  0E00               	movlw	0
   978  007CFA  2202               	addwfc	___ftpack@arg+1,f,c
   979  007CFC  0E00               	movlw	0
   980  007CFE  2203               	addwfc	___ftpack@arg+2,f,c
   981  007D00  90D8               	bcf	status,0,c
   982  007D02  3203               	rrcf	___ftpack@arg+2,f,c
   983  007D04  3202               	rrcf	___ftpack@arg+1,f,c
   984  007D06  3201               	rrcf	___ftpack@arg,f,c
   985  007D08                     l316:
   986  007D08  0E00               	movlw	0
   987  007D0A  1401               	andwf	___ftpack@arg,w,c
   988  007D0C  6E06               	movwf	??___ftpack& (0+255),c
   989  007D0E  0E00               	movlw	0
   990  007D10  1402               	andwf	___ftpack@arg+1,w,c
   991  007D12  6E07               	movwf	(??___ftpack+1)& (0+255),c
   992  007D14  0EFF               	movlw	255
   993  007D16  1403               	andwf	___ftpack@arg+2,w,c
   994  007D18  6E08               	movwf	(??___ftpack+2)& (0+255),c
   995  007D1A  5006               	movf	??___ftpack,w,c
   996  007D1C  1007               	iorwf	??___ftpack+1,w,c
   997  007D1E  1008               	iorwf	??___ftpack+2,w,c
   998  007D20  B4D8               	btfsc	status,2,c
   999  007D22  D006               	goto	l319
  1000  007D24  D7E6               	goto	l317
  1001  007D26  0604               	decf	___ftpack@exp,f,c
  1002  007D28  90D8               	bcf	status,0,c
  1003  007D2A  3601               	rlcf	___ftpack@arg,f,c
  1004  007D2C  3602               	rlcf	___ftpack@arg+1,f,c
  1005  007D2E  3603               	rlcf	___ftpack@arg+2,f,c
  1006  007D30                     l319:
  1007  007D30  BE02               	btfsc	___ftpack@arg+1,7,c
  1008  007D32  D003               	goto	u360
  1009  007D34  0E02               	movlw	2
  1010  007D36  6004               	cpfslt	___ftpack@exp,c
  1011  007D38  D7F6               	goto	l320
  1012  007D3A                     u360:
  1013  007D3A  A004               	btfss	___ftpack@exp,0,c
  1014  007D3C  9E02               	bcf	___ftpack@arg+1,7,c
  1015  007D3E  90D8               	bcf	status,0,c
  1016  007D40  3204               	rrcf	___ftpack@exp,f,c
  1017  007D42  5004               	movf	___ftpack@exp,w,c
  1018  007D44  1203               	iorwf	___ftpack@arg+2,f,c
  1019  007D46  5005               	movf	___ftpack@sign,w,c
  1020  007D48  A4D8               	btfss	status,2,c
  1021  007D4A  8E03               	bsf	___ftpack@arg+2,7,c
  1022  007D4C  C001  F001         	movff	___ftpack@arg,?___ftpack
  1023  007D50  C002  F002         	movff	___ftpack@arg+1,?___ftpack+1
  1024  007D54  C003  F003         	movff	___ftpack@arg+2,?___ftpack+2
  1025  007D58  0012               	return	
  1026  007D5A                     __end_of___ftpack:
  1027                           	opt stack 0
  1028                           intcon	equ	0xFF2
  1029                           wreg	equ	0xFE8
  1030                           status	equ	0xFD8
  1031                           
  1032 ;; *************** function _configBoard *****************
  1033 ;; Defined at:
  1034 ;;		line 11 in file "config.c"
  1035 ;; Parameters:    Size  Location     Type
  1036 ;;		None
  1037 ;; Auto vars:     Size  Location     Type
  1038 ;;		None
  1039 ;; Return value:  Size  Location     Type
  1040 ;;                  1    wreg      void 
  1041 ;; Registers used:
  1042 ;;		wreg, status,2
  1043 ;; Tracked objects:
  1044 ;;		On entry : 0/0
  1045 ;;		On exit  : 0/0
  1046 ;;		Unchanged: 0/0
  1047 ;; Data sizes:     COMRAM   BANK0   BANK1   BANK2   BANK3   BANK4   BANK5   BANK6   BANK7
  1048 ;;      Params:         0       0       0       0       0       0       0       0       0
  1049 ;;      Locals:         0       0       0       0       0       0       0       0       0
  1050 ;;      Temps:          0       0       0       0       0       0       0       0       0
  1051 ;;      Totals:         0       0       0       0       0       0       0       0       0
  1052 ;;Total ram usage:        0 bytes
  1053 ;; Hardware stack levels used:    1
  1054 ;; This function calls:
  1055 ;;		Nothing
  1056 ;; This function is called by:
  1057 ;;		_main
  1058 ;; This function uses a non-reentrant model
  1059 ;;
  1060                           
  1061                           	psect	text6
  1062  007BEA                     __ptext6:
  1063                           	opt stack 0
  1064  007BEA                     _configBoard:
  1065                           	opt stack 30
  1066                           
  1067                           ;config.c: 15: INTCONbits.GIE = 0;
  1068                           
  1069                           ;incstack = 0
  1070  007BEA  9EF2               	bcf	intcon,7,c	;volatile
  1071                           
  1072                           ;config.c: 16: INTCONbits.PEIE = 0;
  1073  007BEC  9CF2               	bcf	intcon,6,c	;volatile
  1074                           
  1075                           ;config.c: 25: T0CONbits.TMR0ON = 1;
  1076  007BEE  8ED5               	bsf	4053,7,c	;volatile
  1077                           
  1078                           ;config.c: 26: T08BIT = 1;
  1079  007BF0  8CD5               	bsf	4053,6,c	;volatile
  1080                           
  1081                           ;config.c: 27: T0CONbits.T0CS = 0;
  1082  007BF2  9AD5               	bcf	4053,5,c	;volatile
  1083                           
  1084                           ;config.c: 29: T0CONbits.PSA = 0;
  1085  007BF4  96D5               	bcf	4053,3,c	;volatile
  1086                           
  1087                           ;config.c: 30: T0CONbits.T0PS = 100;
  1088  007BF6  50D5               	movf	4053,w,c	;volatile
  1089  007BF8  0BF8               	andlw	-8
  1090  007BFA  0904               	iorlw	4
  1091  007BFC  6ED5               	movwf	4053,c	;volatile
  1092                           
  1093                           ;config.c: 31: INTCONbits.TMR0IF = 0;
  1094  007BFE  94F2               	bcf	intcon,2,c	;volatile
  1095                           
  1096                           ;config.c: 33: ADCON1bits.PCFG = 0b1111;
  1097  007C00  80C1               	bsf	4033,0,c	;volatile
  1098  007C02  82C1               	bsf	4033,1,c	;volatile
  1099  007C04  84C1               	bsf	4033,2,c	;volatile
  1100  007C06  86C1               	bsf	4033,3,c	;volatile
  1101                           
  1102                           ;config.c: 44: ADCON0 = 0b00000111;
  1103  007C08  0E07               	movlw	7
  1104  007C0A  6EC2               	movwf	4034,c	;volatile
  1105                           
  1106                           ;config.c: 47: ADCON0bits.ADON = 0;
  1107  007C0C  90C2               	bcf	4034,0,c	;volatile
  1108                           
  1109                           ;config.c: 51: ADCON2bits.ADFM = 1;
  1110  007C0E  8EC0               	bsf	4032,7,c	;volatile
  1111                           
  1112                           ;config.c: 52: ADCON2bits.ADCS = 0b110;
  1113  007C10  50C0               	movf	4032,w,c	;volatile
  1114  007C12  0BF8               	andlw	-8
  1115  007C14  0906               	iorlw	6
  1116  007C16  6EC0               	movwf	4032,c	;volatile
  1117                           
  1118                           ;config.c: 53: ADCON2bits.ACQT = 0b101;
  1119  007C18  50C0               	movf	4032,w,c	;volatile
  1120  007C1A  0BC7               	andlw	-57
  1121  007C1C  0928               	iorlw	40
  1122  007C1E  6EC0               	movwf	4032,c	;volatile
  1123                           
  1124                           ;config.c: 55: TRISAbits.RA1=1;
  1125  007C20  8292               	bsf	3986,1,c	;volatile
  1126                           
  1127                           ;config.c: 56: ADCON2bits.ADCS=0b110;
  1128  007C22  50C0               	movf	4032,w,c	;volatile
  1129  007C24  0BF8               	andlw	-8
  1130  007C26  0906               	iorlw	6
  1131  007C28  6EC0               	movwf	4032,c	;volatile
  1132                           
  1133                           ;config.c: 57: ADCON1bits.VCFG1=0;
  1134  007C2A  9AC1               	bcf	4033,5,c	;volatile
  1135                           
  1136                           ;config.c: 58: ADCON1bits.VCFG0=0;
  1137  007C2C  98C1               	bcf	4033,4,c	;volatile
  1138                           
  1139                           ;config.c: 60: ADCON2bits.ADFM=1;
  1140  007C2E  8EC0               	bsf	4032,7,c	;volatile
  1141                           
  1142                           ;config.c: 64: ADCON0bits.ADON=0;
  1143  007C30  90C2               	bcf	4034,0,c	;volatile
  1144                           
  1145                           ;config.c: 66: PIE1bits.ADIE=0;
  1146  007C32  9C9D               	bcf	3997,6,c	;volatile
  1147                           
  1148                           ;config.c: 67: PIR1bits.ADIF=0;
  1149  007C34  9C9E               	bcf	3998,6,c	;volatile
  1150                           
  1151                           ;config.c: 69: ADCON2bits.ACQT=0b111;
  1152  007C36  86C0               	bsf	4032,3,c	;volatile
  1153  007C38  88C0               	bsf	4032,4,c	;volatile
  1154  007C3A  8AC0               	bsf	4032,5,c	;volatile
  1155                           
  1156                           ;config.c: 70: ADCON0bits.GO=1;
  1157  007C3C  82C2               	bsf	4034,1,c	;volatile
  1158                           
  1159                           ;config.c: 72: RCIF=0;
  1160  007C3E  9A9E               	bcf	3998,5,c	;volatile
  1161                           
  1162                           ;config.c: 75: TRISD=0;
  1163  007C40  0E00               	movlw	0
  1164  007C42  6E95               	movwf	3989,c	;volatile
  1165                           
  1166                           ;config.c: 76: PORTA=0;
  1167  007C44  0E00               	movlw	0
  1168  007C46  6E80               	movwf	3968,c	;volatile
  1169  007C48  0012               	return		;funcret
  1170  007C4A                     __end_of_configBoard:
  1171                           	opt stack 0
  1172                           intcon	equ	0xFF2
  1173                           wreg	equ	0xFE8
  1174                           status	equ	0xFD8
  1175                           
  1176 ;; *************** function _carroMatar *****************
  1177 ;; Defined at:
  1178 ;;		line 107 in file "carroMain.c"
  1179 ;; Parameters:    Size  Location     Type
  1180 ;;		None
  1181 ;; Auto vars:     Size  Location     Type
  1182 ;;		None
  1183 ;; Return value:  Size  Location     Type
  1184 ;;                  1    wreg      void 
  1185 ;; Registers used:
  1186 ;;		None
  1187 ;; Tracked objects:
  1188 ;;		On entry : 0/0
  1189 ;;		On exit  : 0/0
  1190 ;;		Unchanged: 0/0
  1191 ;; Data sizes:     COMRAM   BANK0   BANK1   BANK2   BANK3   BANK4   BANK5   BANK6   BANK7
  1192 ;;      Params:         0       0       0       0       0       0       0       0       0
  1193 ;;      Locals:         0       0       0       0       0       0       0       0       0
  1194 ;;      Temps:          0       0       0       0       0       0       0       0       0
  1195 ;;      Totals:         0       0       0       0       0       0       0       0       0
  1196 ;;Total ram usage:        0 bytes
  1197 ;; Hardware stack levels used:    1
  1198 ;; This function calls:
  1199 ;;		Nothing
  1200 ;; This function is called by:
  1201 ;;		_main
  1202 ;; This function uses a non-reentrant model
  1203 ;;
  1204                           
  1205                           	psect	text7
  1206  007B84                     __ptext7:
  1207                           	opt stack 0
  1208  007B84                     _carroMatar:
  1209                           	opt stack 30
  1210                           
  1211                           ;carroMain.c: 108: LATAbits.LA0=0;
  1212                           
  1213                           ;incstack = 0
  1214  007B84  9089               	bcf	3977,0,c	;volatile
  1215                           
  1216                           ;carroMain.c: 109: LATAbits.LA1=0;
  1217  007B86  9289               	bcf	3977,1,c	;volatile
  1218                           
  1219                           ;carroMain.c: 110: LATEbits.LE1 =0;
  1220  007B88  928D               	bcf	3981,1,c	;volatile
  1221                           
  1222                           ;carroMain.c: 111: LATEbits.LE0=0;
  1223  007B8A  908D               	bcf	3981,0,c	;volatile
  1224  007B8C  0012               	return		;funcret
  1225  007B8E                     __end_of_carroMatar:
  1226                           	opt stack 0
  1227                           intcon	equ	0xFF2
  1228                           wreg	equ	0xFE8
  1229                           status	equ	0xFD8
  1230                           
  1231 ;; *************** function _carroGirar *****************
  1232 ;; Defined at:
  1233 ;;		line 91 in file "carroMain.c"
  1234 ;; Parameters:    Size  Location     Type
  1235 ;;  direccion       1    wreg     unsigned char 
  1236 ;; Auto vars:     Size  Location     Type
  1237 ;;  direccion       1    0[COMRAM] unsigned char 
  1238 ;; Return value:  Size  Location     Type
  1239 ;;                  1    wreg      void 
  1240 ;; Registers used:
  1241 ;;		wreg, status,2, status,0
  1242 ;; Tracked objects:
  1243 ;;		On entry : 0/0
  1244 ;;		On exit  : 0/0
  1245 ;;		Unchanged: 0/0
  1246 ;; Data sizes:     COMRAM   BANK0   BANK1   BANK2   BANK3   BANK4   BANK5   BANK6   BANK7
  1247 ;;      Params:         0       0       0       0       0       0       0       0       0
  1248 ;;      Locals:         1       0       0       0       0       0       0       0       0
  1249 ;;      Temps:          0       0       0       0       0       0       0       0       0
  1250 ;;      Totals:         1       0       0       0       0       0       0       0       0
  1251 ;;Total ram usage:        1 bytes
  1252 ;; Hardware stack levels used:    1
  1253 ;; This function calls:
  1254 ;;		Nothing
  1255 ;; This function is called by:
  1256 ;;		_main
  1257 ;; This function uses a non-reentrant model
  1258 ;;
  1259                           
  1260                           	psect	text8
  1261  007B8E                     __ptext8:
  1262                           	opt stack 0
  1263  007B8E                     _carroGirar:
  1264                           	opt stack 30
  1265                           
  1266                           ;incstack = 0
  1267                           ;carroGirar@direccion stored from wreg
  1268  007B8E  6E01               	movwf	carroGirar@direccion,c
  1269                           
  1270                           ;carroMain.c: 93: if(direccion==1){
  1271  007B90  0401               	decf	carroGirar@direccion,w,c
  1272  007B92  A4D8               	btfss	status,2,c
  1273  007B94  D005               	goto	l39
  1274                           
  1275                           ;carroMain.c: 94: LATAbits.LA0=1;
  1276  007B96  8089               	bsf	3977,0,c	;volatile
  1277                           
  1278                           ;carroMain.c: 95: LATAbits.LA1=0;
  1279  007B98  9289               	bcf	3977,1,c	;volatile
  1280                           
  1281                           ;carroMain.c: 96: LATEbits.LE1 =0;
  1282  007B9A  928D               	bcf	3981,1,c	;volatile
  1283                           
  1284                           ;carroMain.c: 97: LATEbits.LE0=0;
  1285  007B9C  908D               	bcf	3981,0,c	;volatile
  1286                           
  1287                           ;carroMain.c: 98: }
  1288  007B9E  0012               	return	
  1289  007BA0                     l39:
  1290                           
  1291                           ;carroMain.c: 99: else if(direccion==2){
  1292  007BA0  0E02               	movlw	2
  1293  007BA2  1801               	xorwf	carroGirar@direccion,w,c
  1294  007BA4  A4D8               	btfss	status,2,c
  1295  007BA6  0012               	return	
  1296                           
  1297                           ;carroMain.c: 100: LATAbits.LA0=1;
  1298  007BA8  8089               	bsf	3977,0,c	;volatile
  1299                           
  1300                           ;carroMain.c: 101: LATAbits.LA1=0;
  1301  007BAA  9289               	bcf	3977,1,c	;volatile
  1302                           
  1303                           ;carroMain.c: 102: LATEbits.LE1 =0;
  1304  007BAC  928D               	bcf	3981,1,c	;volatile
  1305                           
  1306                           ;carroMain.c: 103: LATEbits.LE0=1;
  1307  007BAE  808D               	bsf	3981,0,c	;volatile
  1308  007BB0  0012               	return	
  1309  007BB2                     __end_of_carroGirar:
  1310                           	opt stack 0
  1311                           intcon	equ	0xFF2
  1312                           wreg	equ	0xFE8
  1313                           status	equ	0xFD8
  1314                           
  1315 ;; *************** function _carroAvanzar *****************
  1316 ;; Defined at:
  1317 ;;		line 74 in file "carroMain.c"
  1318 ;; Parameters:    Size  Location     Type
  1319 ;;		None
  1320 ;; Auto vars:     Size  Location     Type
  1321 ;;		None
  1322 ;; Return value:  Size  Location     Type
  1323 ;;                  1    wreg      void 
  1324 ;; Registers used:
  1325 ;;		None
  1326 ;; Tracked objects:
  1327 ;;		On entry : 0/0
  1328 ;;		On exit  : 0/0
  1329 ;;		Unchanged: 0/0
  1330 ;; Data sizes:     COMRAM   BANK0   BANK1   BANK2   BANK3   BANK4   BANK5   BANK6   BANK7
  1331 ;;      Params:         0       0       0       0       0       0       0       0       0
  1332 ;;      Locals:         0       0       0       0       0       0       0       0       0
  1333 ;;      Temps:          0       0       0       0       0       0       0       0       0
  1334 ;;      Totals:         0       0       0       0       0       0       0       0       0
  1335 ;;Total ram usage:        0 bytes
  1336 ;; Hardware stack levels used:    1
  1337 ;; This function calls:
  1338 ;;		Nothing
  1339 ;; This function is called by:
  1340 ;;		_main
  1341 ;; This function uses a non-reentrant model
  1342 ;;
  1343                           
  1344                           	psect	text9
  1345  007B7A                     __ptext9:
  1346                           	opt stack 0
  1347  007B7A                     _carroAvanzar:
  1348                           	opt stack 30
  1349                           
  1350                           ;carroMain.c: 75: LATEbits.LE1=1;
  1351                           
  1352                           ;incstack = 0
  1353  007B7A  828D               	bsf	3981,1,c	;volatile
  1354                           
  1355                           ;carroMain.c: 76: LATEbits.LE0=0;
  1356  007B7C  908D               	bcf	3981,0,c	;volatile
  1357                           
  1358                           ;carroMain.c: 77: LATAbits.LA0=1;
  1359  007B7E  8089               	bsf	3977,0,c	;volatile
  1360                           
  1361                           ;carroMain.c: 78: LATAbits.LA1=0;
  1362  007B80  9289               	bcf	3977,1,c	;volatile
  1363  007B82  0012               	return		;funcret
  1364  007B84                     __end_of_carroAvanzar:
  1365                           	opt stack 0
  1366                           intcon	equ	0xFF2
  1367                           wreg	equ	0xFE8
  1368                           status	equ	0xFD8
  1369                           
  1370 ;; *************** function _carroAtras *****************
  1371 ;; Defined at:
  1372 ;;		line 82 in file "carroMain.c"
  1373 ;; Parameters:    Size  Location     Type
  1374 ;;		None
  1375 ;; Auto vars:     Size  Location     Type
  1376 ;;		None
  1377 ;; Return value:  Size  Location     Type
  1378 ;;                  1    wreg      void 
  1379 ;; Registers used:
  1380 ;;		None
  1381 ;; Tracked objects:
  1382 ;;		On entry : 0/0
  1383 ;;		On exit  : 0/0
  1384 ;;		Unchanged: 0/0
  1385 ;; Data sizes:     COMRAM   BANK0   BANK1   BANK2   BANK3   BANK4   BANK5   BANK6   BANK7
  1386 ;;      Params:         0       0       0       0       0       0       0       0       0
  1387 ;;      Locals:         0       0       0       0       0       0       0       0       0
  1388 ;;      Temps:          0       0       0       0       0       0       0       0       0
  1389 ;;      Totals:         0       0       0       0       0       0       0       0       0
  1390 ;;Total ram usage:        0 bytes
  1391 ;; Hardware stack levels used:    1
  1392 ;; This function calls:
  1393 ;;		Nothing
  1394 ;; This function is called by:
  1395 ;;		_main
  1396 ;; This function uses a non-reentrant model
  1397 ;;
  1398                           
  1399                           	psect	text10
  1400  007B70                     __ptext10:
  1401                           	opt stack 0
  1402  007B70                     _carroAtras:
  1403                           	opt stack 30
  1404                           
  1405                           ;carroMain.c: 83: LATEbits.LE1=0;
  1406                           
  1407                           ;incstack = 0
  1408  007B70  928D               	bcf	3981,1,c	;volatile
  1409                           
  1410                           ;carroMain.c: 84: LATEbits.LE0=1;
  1411  007B72  808D               	bsf	3981,0,c	;volatile
  1412                           
  1413                           ;carroMain.c: 85: LATAbits.LA0=0;
  1414  007B74  9089               	bcf	3977,0,c	;volatile
  1415                           
  1416                           ;carroMain.c: 86: LATAbits.LA1=1;
  1417  007B76  8289               	bsf	3977,1,c	;volatile
  1418  007B78  0012               	return		;funcret
  1419  007B7A                     __end_of_carroAtras:
  1420                           	opt stack 0
  1421  0000                     intcon	equ	0xFF2
  1422                           wreg	equ	0xFE8
  1423                           status	equ	0xFD8
  1424                           intcon	equ	0xFF2
  1425                           wreg	equ	0xFE8
  1426                           status	equ	0xFD8
  1427                           
  1428                           	psect	rparam
  1429  0000                     intcon	equ	0xFF2
  1430                           wreg	equ	0xFE8
  1431                           status	equ	0xFD8


Data Sizes:
    Strings     0
    Constant    0
    Data        0
    BSS         0
    Persistent  0
    Stack       0

Auto Spaces:
    Space          Size  Autos    Used
    COMRAM           95     52      52
    BANK0           160      0       0
    BANK1           256      0       0
    BANK2           256      0       0
    BANK3           256      0       0
    BANK4           256      0       0
    BANK5           256      0       0
    BANK6           256      0       0
    BANK7           256      0       0

Pointer List with Targets:

    None.

Critical Paths under _main in COMRAM

    _main->_wait_in_ms
    _wait_in_ms->___fttol
    ___fttol->___ftdiv
    ___ftdiv->___awtoft
    ___awtoft->___ftpack

Critical Paths under _main in BANK0

    None.

Critical Paths under _main in BANK1

    None.

Critical Paths under _main in BANK2

    None.

Critical Paths under _main in BANK3

    None.

Critical Paths under _main in BANK4

    None.

Critical Paths under _main in BANK5

    None.

Critical Paths under _main in BANK6

    None.

Critical Paths under _main in BANK7

    None.

Call Graph Tables:

 ---------------------------------------------------------------------------------
 (Depth) Function   	        Calls       Base Space   Used Autos Params    Refs
 ---------------------------------------------------------------------------------
 (0) _main                                                 0     0      0    6325
                         _carroAtras
                       _carroAvanzar
                         _carroGirar
                         _carroMatar
                        _configBoard
                         _wait_in_ms
 ---------------------------------------------------------------------------------
 (1) _wait_in_ms                                          10     8      2    6295
                                             42 COMRAM    10     8      2
                           ___awtoft
                            ___ftdiv
                            ___fttol
 ---------------------------------------------------------------------------------
 (2) ___fttol                                             15    11      4     328
                                             27 COMRAM    15    11      4
                           ___awtoft (ARG)
                            ___ftdiv (ARG)
 ---------------------------------------------------------------------------------
 (2) ___ftdiv                                             15     9      6    2946
                                             12 COMRAM    15     9      6
                           ___awtoft (ARG)
                           ___ftpack
 ---------------------------------------------------------------------------------
 (2) ___awtoft                                             4     1      3    2555
                                              8 COMRAM     4     1      3
                           ___ftpack
 ---------------------------------------------------------------------------------
 (3) ___ftpack                                             8     3      5    2388
                                              0 COMRAM     8     3      5
 ---------------------------------------------------------------------------------
 (1) _configBoard                                          0     0      0       0
 ---------------------------------------------------------------------------------
 (1) _carroMatar                                           0     0      0       0
 ---------------------------------------------------------------------------------
 (1) _carroGirar                                           1     1      0      30
                                              0 COMRAM     1     1      0
 ---------------------------------------------------------------------------------
 (1) _carroAvanzar                                         0     0      0       0
 ---------------------------------------------------------------------------------
 (1) _carroAtras                                           0     0      0       0
 ---------------------------------------------------------------------------------
 Estimated maximum stack depth 3
 ---------------------------------------------------------------------------------

 Call Graph Graphs:

 _main (ROOT)
   _carroAtras
   _carroAvanzar
   _carroGirar
   _carroMatar
   _configBoard
   _wait_in_ms
     ___awtoft
       ___ftpack
     ___ftdiv
       ___awtoft (ARG)
         ___ftpack
       ___ftpack (ARG)
     ___fttol
       ___awtoft (ARG)
         ___ftpack
       ___ftdiv (ARG)
         ___awtoft (ARG)
           ___ftpack
         ___ftpack (ARG)

 Address spaces:
Name               Size   Autos  Total    Cost      Usage
BITCOMRAM           5F      0       0       0        0.0%
EEDATA             100      0       0       0        0.0%
NULL                 0      0       0       0        0.0%
CODE                 0      0       0       0        0.0%
COMRAM              5F     34      34       1       54.7%
STACK                0      0       0       2        0.0%
DATA                 0      0       0       3        0.0%
BITBANK0            A0      0       0       4        0.0%
BANK0               A0      0       0       5        0.0%
BITBANK1           100      0       0       6        0.0%
BANK1              100      0       0       7        0.0%
BITBANK2           100      0       0       8        0.0%
BANK2              100      0       0       9        0.0%
BITBANK3           100      0       0      10        0.0%
BANK3              100      0       0      11        0.0%
BITBANK4           100      0       0      12        0.0%
BANK4              100      0       0      13        0.0%
BITBANK5           100      0       0      14        0.0%
BANK5              100      0       0      15        0.0%
BITBANK6           100      0       0      16        0.0%
BANK6              100      0       0      17        0.0%
BITBANK7           100      0       0      18        0.0%
BANK7              100      0       0      19        0.0%
ABS                  0      0       0      20        0.0%
BIGRAM             7FF      0       0      21        0.0%
BITSFR               0      0       0     200        0.0%
SFR                  0      0       0     200        0.0%


Microchip Technology PIC18 Macro Assembler V1.45 build -152302408 
Symbol Table                                                                                   Sat Apr 21 21:07:03 2018

                     l27 7C5E                       l39 7BA0                       l90 7E18  
                     l86 7DD8                       l89 7E10              __CFG_BORV$3 000000  
                    l320 7D26                      l313 7CD4                      l314 7CCA  
                    l316 7D08                      l317 7CF2                      l421 7FD2  
                    l413 7F38                      l422 7FC6                      l319 7D30  
                    l415 7FAE                      l424 7FEE                      l416 7F9E  
                    l380 7EB4                      l381 7EDA                      l294 7BC6  
                    l377 7E4E                      l379 7E76                      u320 7CBC  
                    u411 7E5E                      u510 7FD8                      u360 7D3A  
                    u451 7F1C                      u470 7F56                      u391 7E36  
                    u535 7D86                      u560 7E06                      u475 7F4E  
                    wreg 000FE8             __CFG_LVP$OFF 000000             ___ftdiv@cntr 0016  
           ___ftdiv@sign 001B             __CFG_WDT$OFF 000000                     l1126 7E18  
                   _RCIF 007CF5                     _main 7C4A             ___ftpack@arg 0001  
           ___ftpack@exp 0004     __end_of_carroAvanzar 7B84                     start 0000  
          __CFG_MCLRE$ON 000000             ___param_bank 000000             ___fttol@exp1 002A  
           ___fttol@lval 0026            __CFG_PLLDIV$2 000000                    ?_main 0001  
        __end_of___ftdiv 7F0C          __end_of___fttol 8000                    _TMR0L 000FD6  
                  _PORTA 000F80                    _TRISD 000F95           __CFG_FCMEN$OFF 000000  
          ___awtoft@sign 000C            ___ftpack@sign 0005                    status 000FD8  
        __initialization 7B6A             __end_of_main 7CAC                   ??_main 0035  
          ___fttol@sign1 0025            __activetblptr 000000                   _ADCON0 000FC2  
                 _T08BIT 007EAE         __end_of___awtoft 7BEA         __end_of___ftpack 7D5A  
                 _TMR0IF 007F92                   _TMR0ON 007EAF     __size_of_configBoard 0060  
              ??___ftdiv 0013                ??___fttol 0020    __size_of_carroAvanzar 000A  
             __accesstop 0060  __end_of__initialization 7B6A            ___rparam_used 000001  
             ___ftdiv@f1 000D               ___ftdiv@f2 0010               ___ftdiv@f3 0017  
             ___awtoft@c 0009               ___fttol@f1 001C           __pcstackCOMRAM 0001  
           _carroAvanzar 7B7A               _carroAtras 7B70               _carroGirar 7B8E  
             _carroMatar 7B84                ?___awtoft 0009                ?___ftpack 0001  
                __Hparam 0000                  __Lparam 0000                  ___ftdiv 7E26  
                ___fttol 7F0C                  __pcinit 7B6A               ??___awtoft 000C  
             ??___ftpack 0006                  __ramtop 0800                  __ptext0 7C4A  
                __ptext1 7D5A                  __ptext2 7F0C                  __ptext3 7E26  
                __ptext4 7BB2                  __ptext5 7CAC                  __ptext6 7BEA  
                __ptext7 7B84                  __ptext8 7B8E                  __ptext9 7B7A  
              _T0CONbits 000FD5     end_of_initialization 7B6A     wait_in_ms@time_in_ms 002B  
            ?_carroAtras 0001              ?_carroGirar 0001              ?_carroMatar 0001  
             _wait_in_ms 7D5A                _TRISAbits 000F92                _TRISEbits 000F96  
            ___ftdiv@exp 001A            ??_configBoard 0001      __size_of_carroAtras 000A  
    __size_of_carroGirar 0024      __size_of_carroMatar 000A      start_initialization 7B6A  
        wait_in_ms@count 0031       wait_in_ms@count_ms 0033      __end_of_configBoard 7C4A  
            ?_wait_in_ms 002B        __size_of___awtoft 0038        __size_of___ftpack 00AE  
               ?___ftdiv 000D                 ?___fttol 001C      __size_of_wait_in_ms 00CC  
               _LATAbits 000F89                 _LATEbits 000F8D             ??_carroAtras 0001  
           ??_carroGirar 0001             ??_carroMatar 0001              _configBoard 7BEA  
               _PIE1bits 000F9D                 _PIR1bits 000F9E               _ADCON0bits 000FC2  
             _ADCON1bits 000FC1               _ADCON2bits 000FC0       __end_of_carroAtras 7B7A  
     __end_of_carroGirar 7BB2       __end_of_carroMatar 7B8E           wait_in_ms@flag 002F  
               __Hrparam 0000                 __Lrparam 0000      carroGirar@direccion 0001  
       __size_of___ftdiv 00E6         __size_of___fttol 00F4                 ___awtoft 7BB2  
               ___ftpack 7CAC            ?_carroAvanzar 0001                 __ptext10 7B70  
          __size_of_main 0062             ??_wait_in_ms 002D    __CFG_CPUDIV$OSC4_PLL6 000000  
         ??_carroAvanzar 0001               _INTCONbits 000FF2       __end_of_wait_in_ms 7E26  
     __CFG_FOSC$HSPLL_HS 000000             ?_configBoard 0001  
